This file contains any messages produced by compilers while
running configure, to aid debugging if configure makes a mistake.

It was created by cpplib configure  , which was
generated by GNU Autoconf 2.59.  Invocation command line was

  $ /home/blakedonzac/cs161/cs161-gcc-1.5/gcc-4.1.2+cs161/libcpp/configure --cache-file=./config.cache --build=x86_64-unknown-linux-gnu --host=x86_64-unknown-linux-gnu --target=mips-linux --with-stabs --nfp --disable-shared --disable-threads --disable-libmudflap --disable-libssp --prefix=/home/blakedonzac/cs161/tools --enable-languages=c --program-transform-name=s,^,mips-linux-,;  --srcdir=/home/blakedonzac/cs161/cs161-gcc-1.5/./gcc-4.1.2+cs161/libcpp

## --------- ##
## Platform. ##
## --------- ##

hostname = localhost.localdomain
uname -m = x86_64
uname -r = 3.10.0-693.17.1.el7.x86_64
uname -s = Linux
uname -v = #1 SMP Thu Jan 25 20:13:58 UTC 2018

/usr/bin/uname -p = x86_64
/bin/uname -X     = unknown

/bin/arch              = x86_64
/usr/bin/arch -k       = unknown
/usr/convex/getsysinfo = unknown
hostinfo               = unknown
/bin/machine           = unknown
/usr/bin/oslevel       = unknown
/bin/universe          = unknown

PATH: /home/blakedonzac/cs161/bin
PATH: /home/blakedonzac/cs161
PATH: /home/blakedonzac/comp3500/project2
PATH: /home/blakedonzac/cs161
PATH: /home/blakedonzac/comp3500/project2
PATH: /usr/local/bin
PATH: /usr/local/sbin
PATH: /usr/bin
PATH: /usr/sbin
PATH: /bin
PATH: /sbin
PATH: /home/blakedonzac/.local/bin
PATH: /home/blakedonzac/bin
PATH: /home/blakedonzac/cs161/tools/bin


## ----------- ##
## Core tests. ##
## ----------- ##

configure:1226: loading cache ./config.cache
configure:1365: checking build system type
configure:1383: result: x86_64-unknown-linux-gnu
configure:1391: checking host system type
configure:1405: result: x86_64-unknown-linux-gnu
configure:1413: checking target system type
configure:1427: result: mips-unknown-linux-gnu
configure:1443: checking whether make sets $(MAKE)
configure:1463: result: yes
configure:1485: checking for a BSD-compatible install
configure:1540: result: /usr/bin/install -c
configure:1559: checking for x86_64-unknown-linux-gnu-gcc
configure:1585: result: gcc
configure:1867: checking for C compiler version
configure:1870: gcc --version </dev/null >&5
gcc (GCC) 4.8.5 20150623 (Red Hat 4.8.5-16)
Copyright (C) 2015 Free Software Foundation, Inc.
This is free software; see the source for copying conditions.  There is NO
warranty; not even for MERCHANTABILITY or FITNESS FOR A PARTICULAR PURPOSE.

configure:1873: $? = 0
configure:1875: gcc -v </dev/null >&5
Using built-in specs.
COLLECT_GCC=gcc
COLLECT_LTO_WRAPPER=/usr/libexec/gcc/x86_64-redhat-linux/4.8.5/lto-wrapper
Target: x86_64-redhat-linux
Configured with: ../configure --prefix=/usr --mandir=/usr/share/man --infodir=/usr/share/info --with-bugurl=http://bugzilla.redhat.com/bugzilla --enable-bootstrap --enable-shared --enable-threads=posix --enable-checking=release --with-system-zlib --enable-__cxa_atexit --disable-libunwind-exceptions --enable-gnu-unique-object --enable-linker-build-id --with-linker-hash-style=gnu --enable-languages=c,c++,objc,obj-c++,java,fortran,ada,go,lto --enable-plugin --enable-initfini-array --disable-libgcj --with-isl=/builddir/build/BUILD/gcc-4.8.5-20150702/obj-x86_64-redhat-linux/isl-install --with-cloog=/builddir/build/BUILD/gcc-4.8.5-20150702/obj-x86_64-redhat-linux/cloog-install --enable-gnu-indirect-function --with-tune=generic --with-arch_32=x86-64 --build=x86_64-redhat-linux
Thread model: posix
gcc version 4.8.5 20150623 (Red Hat 4.8.5-16) (GCC) 
configure:1878: $? = 0
configure:1880: gcc -V </dev/null >&5
gcc: error: unrecognized command line option '-V'
gcc: fatal error: no input files
compilation terminated.
configure:1883: $? = 4
configure:1906: checking for C compiler default output file name
configure:1909: gcc -g -O2    conftest.c  >&5
configure:1912: $? = 0
configure:1958: result: a.out
configure:1963: checking whether the C compiler works
configure:1969: ./a.out
configure:1972: $? = 0
configure:1989: result: yes
configure:1996: checking whether we are cross compiling
configure:1998: result: no
configure:2001: checking for suffix of executables
configure:2003: gcc -o conftest -g -O2    conftest.c  >&5
configure:2006: $? = 0
configure:2031: result: 
configure:2037: checking for suffix of object files
configure:2083: result: o
configure:2087: checking whether we are using the GNU C compiler
configure:2143: result: yes
configure:2149: checking whether gcc accepts -g
configure:2200: result: yes
configure:2217: checking for gcc option to accept ANSI C
configure:2324: result: none needed
configure:2342: gcc -c -g -O2   conftest.c >&5
conftest.c:2:3: error: unknown type name 'choke'
   choke me
   ^
conftest.c:2:3: error: expected '=', ',', ';', 'asm' or '__attribute__' at end of input
configure:2348: $? = 1
configure: failed program was:
| #ifndef __cplusplus
|   choke me
| #endif
configure:2484: checking for x86_64-unknown-linux-gnu-ranlib
configure:2510: result: ranlib
configure:2567: checking for aclocal
configure:2593: result: aclocal
configure:2608: checking for autoconf
configure:2634: result: autoconf
configure:2649: checking for autoheader
configure:2675: result: autoheader
configure:2698: checking whether gcc supports -W
configure:2751: result: yes
configure:2698: checking whether gcc supports -Wall
configure:2751: result: yes
configure:2698: checking whether gcc supports -Wwrite-strings
configure:2751: result: yes
configure:2698: checking whether gcc supports -Wstrict-prototypes
configure:2751: result: yes
configure:2698: checking whether gcc supports -Wmissing-prototypes
configure:2751: result: yes
configure:2698: checking whether gcc supports -Wold-style-definition
configure:2751: result: yes
configure:2698: checking whether gcc supports -Wmissing-format-attribute
configure:2751: result: yes
configure:2762: checking whether gcc supports -pedantic -Wno-long-long
configure:2816: result: yes
configure:2861: checking dependency style of gcc
configure:2946: result: gcc3
configure:2958: checking whether time.h and sys/time.h may both be included
configure:3013: result: yes
configure:3023: checking whether string.h and strings.h may both be included
configure:3075: result: yes
configure:3090: checking how to run the C preprocessor
configure:3208: result: gcc -E
configure:3232: gcc -E  conftest.c
configure:3238: $? = 0
configure:3270: gcc -E  conftest.c
conftest.c:11:28: fatal error: ac_nonexistent.h: No such file or directory
 #include <ac_nonexistent.h>
                            ^
compilation terminated.
configure:3276: $? = 1
configure: failed program was:
| /* confdefs.h.  */
| 
| #define PACKAGE_NAME "cpplib"
| #define PACKAGE_TARNAME "cpplib"
| #define PACKAGE_VERSION " "
| #define PACKAGE_STRING "cpplib  "
| #define PACKAGE_BUGREPORT "gcc-bugs@gcc.gnu.org"
| #define TIME_WITH_SYS_TIME 1
| #define STRING_WITH_STRINGS 1
| /* end confdefs.h.  */
| #include <ac_nonexistent.h>
configure:3320: checking for egrep
configure:3330: result: grep -E
configure:3335: checking for ANSI C header files
configure:3491: result: yes
configure:3515: checking for sys/types.h
configure:3561: result: yes
configure:3515: checking for sys/stat.h
configure:3561: result: yes
configure:3515: checking for stdlib.h
configure:3561: result: yes
configure:3515: checking for string.h
configure:3561: result: yes
configure:3515: checking for memory.h
configure:3561: result: yes
configure:3515: checking for strings.h
configure:3561: result: yes
configure:3515: checking for inttypes.h
configure:3561: result: yes
configure:3515: checking for stdint.h
configure:3561: result: yes
configure:3515: checking for unistd.h
configure:3561: result: yes
configure:3588: checking for iconv.h
configure:3593: result: yes
configure:3588: checking for locale.h
configure:3593: result: yes
configure:3588: checking for fcntl.h
configure:3593: result: yes
configure:3588: checking for limits.h
configure:3593: result: yes
configure:3588: checking for stddef.h
configure:3593: result: yes
configure:3588: checking for stdlib.h
configure:3593: result: yes
configure:3588: checking for strings.h
configure:3593: result: yes
configure:3588: checking for string.h
configure:3593: result: yes
configure:3588: checking for sys/file.h
configure:3593: result: yes
configure:3588: checking for unistd.h
configure:3593: result: yes
configure:3735: checking for an ANSI C-conforming const
configure:3832: result: yes
configure:3842: checking for inline
configure:3894: result: inline
configure:3913: checking for obstacks
configure:3965: result: yes
configure:3984: checking for off_t
configure:4038: result: yes
configure:4050: checking for size_t
configure:4104: result: yes
configure:4116: checking whether struct tm is in sys/time.h or time.h
configure:4169: result: time.h
configure:4179: checking for int
configure:4233: result: yes
configure:4236: checking size of int
configure:4586: result: 4
configure:4593: checking for long
configure:4647: result: yes
configure:4650: checking size of long
configure:5000: result: 8
configure:5027: checking for clearerr_unlocked
configure:5115: result: yes
configure:5027: checking for feof_unlocked
configure:5115: result: yes
configure:5027: checking for ferror_unlocked
configure:5115: result: yes
configure:5027: checking for fflush_unlocked
configure:5115: result: yes
configure:5027: checking for fgetc_unlocked
configure:5115: result: yes
configure:5027: checking for fgets_unlocked
configure:5115: result: yes
configure:5027: checking for fileno_unlocked
configure:5115: result: yes
configure:5027: checking for fprintf_unlocked
configure:5115: result: no
configure:5027: checking for fputc_unlocked
configure:5115: result: yes
configure:5027: checking for fputs_unlocked
configure:5115: result: yes
configure:5027: checking for fread_unlocked
configure:5115: result: yes
configure:5027: checking for fwrite_unlocked
configure:5115: result: yes
configure:5027: checking for getchar_unlocked
configure:5115: result: yes
configure:5027: checking for getc_unlocked
configure:5115: result: yes
configure:5027: checking for putchar_unlocked
configure:5115: result: yes
configure:5027: checking for putc_unlocked
configure:5115: result: yes
configure:5125: checking whether abort is declared
configure:5179: result: yes
configure:5195: checking whether asprintf is declared
configure:5249: result: no
configure:5265: checking whether basename is declared
configure:5319: result: no
configure:5335: checking whether errno is declared
configure:5389: result: no
configure:5405: checking whether getopt is declared
configure:5459: result: yes
configure:5475: checking whether clearerr_unlocked is declared
configure:5529: result: yes
configure:5545: checking whether feof_unlocked is declared
configure:5599: result: yes
configure:5615: checking whether ferror_unlocked is declared
configure:5669: result: yes
configure:5685: checking whether fflush_unlocked is declared
configure:5739: result: yes
configure:5755: checking whether fgetc_unlocked is declared
configure:5809: result: yes
configure:5825: checking whether fgets_unlocked is declared
configure:5879: result: no
configure:5895: checking whether fileno_unlocked is declared
configure:5949: result: yes
configure:5965: checking whether fprintf_unlocked is declared
configure:6019: result: no
configure:6035: checking whether fputc_unlocked is declared
configure:6089: result: yes
configure:6105: checking whether fputs_unlocked is declared
configure:6159: result: no
configure:6175: checking whether fread_unlocked is declared
configure:6229: result: yes
configure:6245: checking whether fwrite_unlocked is declared
configure:6299: result: yes
configure:6315: checking whether getchar_unlocked is declared
configure:6369: result: yes
configure:6385: checking whether getc_unlocked is declared
configure:6439: result: yes
configure:6455: checking whether putchar_unlocked is declared
configure:6509: result: yes
configure:6525: checking whether putc_unlocked is declared
configure:6579: result: yes
configure:6595: checking whether vasprintf is declared
configure:6649: result: no
configure:6671: checking for working alloca.h
configure:6723: result: yes
configure:6733: checking for alloca
configure:6805: result: yes
configure:7028: checking for ANSI C header files
configure:7184: result: yes
configure:7195: checking for nl_langinfo and CODESET
configure:7248: result: yes
configure:7270: checking whether NLS is requested
configure:7276: result: yes
configure:7284: checking for catalogs to be installed
configure:7316: result:  be ca da de el es fr ja nl rw sv tr vi zh_CN zh_TW be ca da de el es fr ja nl rw sv tr vi zh_CN zh_TW
configure:7320: checking for uchar
configure:7344: gcc -c -g -O2   conftest.c >&5
conftest.c: In function 'main':
conftest.c:82:6: error: 'uchar' undeclared (first use in this function)
 if ((uchar *)0) return 0;
      ^
conftest.c:82:6: note: each undeclared identifier is reported only once for each function it appears in
conftest.c:82:13: error: expected expression before ')' token
 if ((uchar *)0) return 0;
             ^
configure:7350: $? = 1
configure: failed program was:
| /* confdefs.h.  */
| 
| #define PACKAGE_NAME "cpplib"
| #define PACKAGE_TARNAME "cpplib"
| #define PACKAGE_VERSION " "
| #define PACKAGE_STRING "cpplib  "
| #define PACKAGE_BUGREPORT "gcc-bugs@gcc.gnu.org"
| #define TIME_WITH_SYS_TIME 1
| #define STRING_WITH_STRINGS 1
| #define STDC_HEADERS 1
| #define HAVE_SYS_TYPES_H 1
| #define HAVE_SYS_STAT_H 1
| #define HAVE_STDLIB_H 1
| #define HAVE_STRING_H 1
| #define HAVE_MEMORY_H 1
| #define HAVE_STRINGS_H 1
| #define HAVE_INTTYPES_H 1
| #define HAVE_STDINT_H 1
| #define HAVE_UNISTD_H 1
| #define HAVE_ICONV_H 1
| #define HAVE_LOCALE_H 1
| #define HAVE_FCNTL_H 1
| #define HAVE_LIMITS_H 1
| #define HAVE_STDDEF_H 1
| #define HAVE_STDLIB_H 1
| #define HAVE_STRINGS_H 1
| #define HAVE_STRING_H 1
| #define HAVE_SYS_FILE_H 1
| #define HAVE_UNISTD_H 1
| #define HAVE_OBSTACK 1
| #define SIZEOF_INT 4
| #define SIZEOF_LONG 8
| #define HAVE_CLEARERR_UNLOCKED 1
| #define HAVE_FEOF_UNLOCKED 1
| #define HAVE_FERROR_UNLOCKED 1
| #define HAVE_FFLUSH_UNLOCKED 1
| #define HAVE_FGETC_UNLOCKED 1
| #define HAVE_FGETS_UNLOCKED 1
| #define HAVE_FILENO_UNLOCKED 1
| #define HAVE_FPUTC_UNLOCKED 1
| #define HAVE_FPUTS_UNLOCKED 1
| #define HAVE_FREAD_UNLOCKED 1
| #define HAVE_FWRITE_UNLOCKED 1
| #define HAVE_GETCHAR_UNLOCKED 1
| #define HAVE_GETC_UNLOCKED 1
| #define HAVE_PUTCHAR_UNLOCKED 1
| #define HAVE_PUTC_UNLOCKED 1
| #define HAVE_DECL_ABORT 1
| #define HAVE_DECL_ASPRINTF 0
| #define HAVE_DECL_BASENAME 0
| #define HAVE_DECL_ERRNO 0
| #define HAVE_DECL_GETOPT 1
| #define HAVE_DECL_CLEARERR_UNLOCKED 1
| #define HAVE_DECL_FEOF_UNLOCKED 1
| #define HAVE_DECL_FERROR_UNLOCKED 1
| #define HAVE_DECL_FFLUSH_UNLOCKED 1
| #define HAVE_DECL_FGETC_UNLOCKED 1
| #define HAVE_DECL_FGETS_UNLOCKED 0
| #define HAVE_DECL_FILENO_UNLOCKED 1
| #define HAVE_DECL_FPRINTF_UNLOCKED 0
| #define HAVE_DECL_FPUTC_UNLOCKED 1
| #define HAVE_DECL_FPUTS_UNLOCKED 0
| #define HAVE_DECL_FREAD_UNLOCKED 1
| #define HAVE_DECL_FWRITE_UNLOCKED 1
| #define HAVE_DECL_GETCHAR_UNLOCKED 1
| #define HAVE_DECL_GETC_UNLOCKED 1
| #define HAVE_DECL_PUTCHAR_UNLOCKED 1
| #define HAVE_DECL_PUTC_UNLOCKED 1
| #define HAVE_DECL_VASPRINTF 0
| #define HAVE_ALLOCA_H 1
| #define HAVE_ALLOCA 1
| #define STDC_HEADERS 1
| #define HAVE_LANGINFO_CODESET 1
| #define ENABLE_NLS 1
| /* end confdefs.h.  */
| 
| #include <sys/types.h>
| 
| int
| main ()
| {
| if ((uchar *)0) return 0;
|  if (sizeof(uchar)) return 0;
|   ;
|   return 0;
| }
configure:7374: result: 
configure:7424: checking for ld used by GCC
configure:7487: result: ld
configure:7496: checking if the linker (ld) is GNU ld
configure:7508: result: yes
configure:7514: checking for shared library run path origin
configure:7527: result: done
configure:7957: checking for iconv
configure:8069: result: yes
configure:8092: checking for iconv declaration
configure:8160: result: 
         extern size_t iconv (iconv_t cd, char * *inbuf, size_t *inbytesleft, char * *outbuf, size_t *outbytesleft);
configure:8354: creating ./config.status

## ---------------------- ##
## Running config.status. ##
## ---------------------- ##

This file was extended by cpplib config.status  , which was
generated by GNU Autoconf 2.59.  Invocation command line was

  CONFIG_FILES    = 
  CONFIG_HEADERS  = 
  CONFIG_LINKS    = 
  CONFIG_COMMANDS = 
  $ ./config.status 

on localhost.localdomain

config.status:699: creating Makefile
config.status:796: creating config.h
config.status:1047: config.h is unchanged
config.status:1209: executing depdir commands

## ---------------- ##
## Cache variables. ##
## ---------------- ##

ac_cv_build=x86_64-unknown-linux-gnu
ac_cv_build_alias=x86_64-unknown-linux-gnu
ac_cv_c_compiler_gnu=yes
ac_cv_c_const=yes
ac_cv_c_inline=inline
ac_cv_env_CC_set=set
ac_cv_env_CC_value=gcc
ac_cv_env_CFLAGS_set=set
ac_cv_env_CFLAGS_value='-g -O2 '
ac_cv_env_CPPFLAGS_set=
ac_cv_env_CPPFLAGS_value=
ac_cv_env_CPP_set=
ac_cv_env_CPP_value=
ac_cv_env_LDFLAGS_set=set
ac_cv_env_LDFLAGS_value=
ac_cv_env_build_alias_set=set
ac_cv_env_build_alias_value=x86_64-unknown-linux-gnu
ac_cv_env_host_alias_set=set
ac_cv_env_host_alias_value=x86_64-unknown-linux-gnu
ac_cv_env_target_alias_set=set
ac_cv_env_target_alias_value=mips-linux
ac_cv_exeext=
ac_cv_func_alloca_works=yes
ac_cv_func_clearerr_unlocked=yes
ac_cv_func_feof_unlocked=yes
ac_cv_func_ferror_unlocked=yes
ac_cv_func_fflush_unlocked=yes
ac_cv_func_fgetc_unlocked=yes
ac_cv_func_fgets_unlocked=yes
ac_cv_func_fileno_unlocked=yes
ac_cv_func_fprintf_unlocked=no
ac_cv_func_fputc_unlocked=yes
ac_cv_func_fputs_unlocked=yes
ac_cv_func_fread_unlocked=yes
ac_cv_func_fwrite_unlocked=yes
ac_cv_func_getc_unlocked=yes
ac_cv_func_getchar_unlocked=yes
ac_cv_func_obstack=yes
ac_cv_func_putc_unlocked=yes
ac_cv_func_putchar_unlocked=yes
ac_cv_have_decl_abort=yes
ac_cv_have_decl_asprintf=no
ac_cv_have_decl_basename=no
ac_cv_have_decl_clearerr_unlocked=yes
ac_cv_have_decl_errno=no
ac_cv_have_decl_feof_unlocked=yes
ac_cv_have_decl_ferror_unlocked=yes
ac_cv_have_decl_fflush_unlocked=yes
ac_cv_have_decl_fgetc_unlocked=yes
ac_cv_have_decl_fgets_unlocked=no
ac_cv_have_decl_fileno_unlocked=yes
ac_cv_have_decl_fprintf_unlocked=no
ac_cv_have_decl_fputc_unlocked=yes
ac_cv_have_decl_fputs_unlocked=no
ac_cv_have_decl_fread_unlocked=yes
ac_cv_have_decl_fwrite_unlocked=yes
ac_cv_have_decl_getc_unlocked=yes
ac_cv_have_decl_getchar_unlocked=yes
ac_cv_have_decl_getopt=yes
ac_cv_have_decl_putc_unlocked=yes
ac_cv_have_decl_putchar_unlocked=yes
ac_cv_have_decl_vasprintf=no
ac_cv_header_fcntl_h=yes
ac_cv_header_iconv_h=yes
ac_cv_header_inttypes_h=yes
ac_cv_header_limits_h=yes
ac_cv_header_locale_h=yes
ac_cv_header_memory_h=yes
ac_cv_header_stdc=yes
ac_cv_header_stddef_h=yes
ac_cv_header_stdint_h=yes
ac_cv_header_stdlib_h=yes
ac_cv_header_string_h=yes
ac_cv_header_strings_h=yes
ac_cv_header_sys_file_h=yes
ac_cv_header_sys_stat_h=yes
ac_cv_header_sys_types_h=yes
ac_cv_header_time=yes
ac_cv_header_unistd_h=yes
ac_cv_host=x86_64-unknown-linux-gnu
ac_cv_host_alias=x86_64-unknown-linux-gnu
ac_cv_objext=o
ac_cv_prog_ACLOCAL=aclocal
ac_cv_prog_AUTOCONF=autoconf
ac_cv_prog_AUTOHEADER=autoheader
ac_cv_prog_CC=gcc
ac_cv_prog_CPP='gcc -E'
ac_cv_prog_RANLIB=ranlib
ac_cv_prog_cc_g=yes
ac_cv_prog_cc_stdc=
ac_cv_prog_egrep='grep -E'
ac_cv_prog_make_make_set=yes
ac_cv_sizeof_int=4
ac_cv_sizeof_long=8
ac_cv_struct_tm=time.h
ac_cv_target=mips-unknown-linux-gnu
ac_cv_target_alias=mips-linux
ac_cv_type_int=yes
ac_cv_type_long=yes
ac_cv_type_off_t=yes
ac_cv_type_size_t=yes
ac_cv_type_uchar=no
ac_cv_working_alloca_h=yes
acl_cv_hardcode_direct=no
acl_cv_hardcode_libdir_flag_spec='${wl}-rpath ${wl}$libdir'
acl_cv_hardcode_libdir_separator=
acl_cv_hardcode_minus_L=no
acl_cv_libext=a
acl_cv_path_LD=ld
acl_cv_prog_gnu_ld=yes
acl_cv_rpath=done
acl_cv_shlibext=so
acl_cv_wl=-Wl,
acx_cv_prog_cc_pedantic__Wno_long_long=yes
acx_cv_prog_cc_warning__W=yes
acx_cv_prog_cc_warning__Wall=yes
acx_cv_prog_cc_warning__Wmissing_format_attribute=yes
acx_cv_prog_cc_warning__Wmissing_prototypes=yes
acx_cv_prog_cc_warning__Wold_style_definition=yes
acx_cv_prog_cc_warning__Wstrict_prototypes=yes
acx_cv_prog_cc_warning__Wwrite_strings=yes
am_cv_CC_dependencies_compiler_type=gcc3
am_cv_func_iconv=yes
am_cv_langinfo_codeset=yes
am_cv_lib_iconv=no
am_cv_proto_iconv='extern size_t iconv (iconv_t cd, char * *inbuf, size_t *inbytesleft, char * *outbuf, size_t *outbytesleft);'
am_cv_proto_iconv_arg1=
gcc_cv_header_string=yes

## ----------------- ##
## Output variables. ##
## ----------------- ##

ACLOCAL='aclocal'
ALLOCA=''
AUTOCONF='autoconf'
AUTOHEADER='autoheader'
CATALOGS=' po/be.gmo po/ca.gmo po/da.gmo po/de.gmo po/el.gmo po/es.gmo po/fr.gmo po/ja.gmo po/nl.gmo po/rw.gmo po/sv.gmo po/tr.gmo po/vi.gmo po/zh_CN.gmo po/zh_TW.gmo po/be.gmo po/ca.gmo po/da.gmo po/de.gmo po/el.gmo po/es.gmo po/fr.gmo po/ja.gmo po/nl.gmo po/rw.gmo po/sv.gmo po/tr.gmo po/vi.gmo po/zh_CN.gmo po/zh_TW.gmo'
CC='gcc'
CCDEPMODE='depmode=gcc3'
CFLAGS='-g -O2 '
CPP='gcc -E'
CPPFLAGS=''
DEFS='-DHAVE_CONFIG_H'
DEPDIR='.deps'
ECHO_C=''
ECHO_N='-n'
ECHO_T=''
EGREP='grep -E'
EXEEXT=''
GMSGFMT='/usr/bin/msgfmt'
INCINTL=''
INSTALL_DATA='/usr/bin/install -c -m 644'
INSTALL_PROGRAM='/usr/bin/install -c'
INSTALL_SCRIPT='/usr/bin/install -c'
LDFLAGS=''
LIBICONV=''
LIBINTL=''
LIBINTL_DEP=''
LIBOBJS=''
LIBS=''
LTLIBICONV=''
LTLIBOBJS=''
MAINT='#'
OBJEXT='o'
PACKAGE='cpplib'
PACKAGE_BUGREPORT='gcc-bugs@gcc.gnu.org'
PACKAGE_NAME='cpplib'
PACKAGE_STRING='cpplib  '
PACKAGE_TARNAME='cpplib'
PACKAGE_VERSION=' '
PATH_SEPARATOR=':'
POSUB='po'
RANLIB='ranlib'
SET_MAKE=''
SHELL='/bin/sh'
USED_CATALOGS='$(CATALOGS)'
USE_NLS='yes'
WARN_CFLAGS='-W -Wall -Wwrite-strings -Wstrict-prototypes -Wmissing-prototypes -Wold-style-definition -Wmissing-format-attribute'
WARN_PEDANTIC='-pedantic -Wno-long-long'
WERROR=''
XGETTEXT='/usr/bin/xgettext'
ac_ct_CC=''
ac_ct_RANLIB=''
am__leading_dot='.'
bindir='${exec_prefix}/bin'
build='x86_64-unknown-linux-gnu'
build_alias='x86_64-unknown-linux-gnu'
build_cpu='x86_64'
build_os='linux-gnu'
build_vendor='unknown'
datadir='${prefix}/share'
exec_prefix='${prefix}'
host='x86_64-unknown-linux-gnu'
host_alias='x86_64-unknown-linux-gnu'
host_cpu='x86_64'
host_os='linux-gnu'
host_vendor='unknown'
includedir='${prefix}/include'
infodir='${prefix}/info'
libdir='${exec_prefix}/lib'
libexecdir='${exec_prefix}/libexec'
localstatedir='${prefix}/var'
mandir='${prefix}/man'
oldincludedir='/usr/include'
prefix='/home/blakedonzac/cs161/tools'
program_transform_name='s,^,mips-linux-,; '
sbindir='${exec_prefix}/sbin'
sharedstatedir='${prefix}/com'
sysconfdir='${prefix}/etc'
target='mips-unknown-linux-gnu'
target_alias='mips-linux'
target_cpu='mips'
target_os='linux-gnu'
target_vendor='unknown'

## ----------- ##
## confdefs.h. ##
## ----------- ##

#define ENABLE_NLS 1
#define HAVE_ALLOCA 1
#define HAVE_ALLOCA_H 1
#define HAVE_CLEARERR_UNLOCKED 1
#define HAVE_DECL_ABORT 1
#define HAVE_DECL_ASPRINTF 0
#define HAVE_DECL_BASENAME 0
#define HAVE_DECL_CLEARERR_UNLOCKED 1
#define HAVE_DECL_ERRNO 0
#define HAVE_DECL_FEOF_UNLOCKED 1
#define HAVE_DECL_FERROR_UNLOCKED 1
#define HAVE_DECL_FFLUSH_UNLOCKED 1
#define HAVE_DECL_FGETC_UNLOCKED 1
#define HAVE_DECL_FGETS_UNLOCKED 0
#define HAVE_DECL_FILENO_UNLOCKED 1
#define HAVE_DECL_FPRINTF_UNLOCKED 0
#define HAVE_DECL_FPUTC_UNLOCKED 1
#define HAVE_DECL_FPUTS_UNLOCKED 0
#define HAVE_DECL_FREAD_UNLOCKED 1
#define HAVE_DECL_FWRITE_UNLOCKED 1
#define HAVE_DECL_GETCHAR_UNLOCKED 1
#define HAVE_DECL_GETC_UNLOCKED 1
#define HAVE_DECL_GETOPT 1
#define HAVE_DECL_PUTCHAR_UNLOCKED 1
#define HAVE_DECL_PUTC_UNLOCKED 1
#define HAVE_DECL_VASPRINTF 0
#define HAVE_FCNTL_H 1
#define HAVE_FEOF_UNLOCKED 1
#define HAVE_FERROR_UNLOCKED 1
#define HAVE_FFLUSH_UNLOCKED 1
#define HAVE_FGETC_UNLOCKED 1
#define HAVE_FGETS_UNLOCKED 1
#define HAVE_FILENO_UNLOCKED 1
#define HAVE_FPUTC_UNLOCKED 1
#define HAVE_FPUTS_UNLOCKED 1
#define HAVE_FREAD_UNLOCKED 1
#define HAVE_FWRITE_UNLOCKED 1
#define HAVE_GETCHAR_UNLOCKED 1
#define HAVE_GETC_UNLOCKED 1
#define HAVE_ICONV 1
#define HAVE_ICONV_H 1
#define HAVE_INTTYPES_H 1
#define HAVE_LANGINFO_CODESET 1
#define HAVE_LIMITS_H 1
#define HAVE_LOCALE_H 1
#define HAVE_MEMORY_H 1
#define HAVE_OBSTACK 1
#define HAVE_PUTCHAR_UNLOCKED 1
#define HAVE_PUTC_UNLOCKED 1
#define HAVE_STDDEF_H 1
#define HAVE_STDINT_H 1
#define HAVE_STDLIB_H 1
#define HAVE_STDLIB_H 1
#define HAVE_STRINGS_H 1
#define HAVE_STRINGS_H 1
#define HAVE_STRING_H 1
#define HAVE_STRING_H 1
#define HAVE_SYS_FILE_H 1
#define HAVE_SYS_STAT_H 1
#define HAVE_SYS_TYPES_H 1
#define HAVE_UNISTD_H 1
#define HAVE_UNISTD_H 1
#define HOST_WIDE_INT long
#define ICONV_CONST 
#define PACKAGE "cpplib"
#define PACKAGE_BUGREPORT "gcc-bugs@gcc.gnu.org"
#define PACKAGE_NAME "cpplib"
#define PACKAGE_STRING "cpplib  "
#define PACKAGE_TARNAME "cpplib"
#define PACKAGE_VERSION " "
#define SIZEOF_INT 4
#define SIZEOF_LONG 8
#define STDC_HEADERS 1
#define STDC_HEADERS 1
#define STRING_WITH_STRINGS 1
#define TIME_WITH_SYS_TIME 1

configure: exit 0
