This file contains any messages produced by compilers while
running configure, to aid debugging if configure makes a mistake.

It was created by configure, which was
generated by GNU Autoconf 2.59.  Invocation command line was

  $ /home/blakedonzac/cs161/cs161-gcc-1.5/gcc-4.1.2+cs161/gcc/configure --cache-file=./config.cache --build=x86_64-unknown-linux-gnu --host=x86_64-unknown-linux-gnu --target=mips-linux --with-stabs --nfp --disable-shared --disable-threads --disable-libmudflap --disable-libssp --prefix=/home/blakedonzac/cs161/tools --enable-languages=c --program-transform-name=s,^,mips-linux-,;  --srcdir=/home/blakedonzac/cs161/cs161-gcc-1.5/./gcc-4.1.2+cs161/gcc

## --------- ##
## Platform. ##
## --------- ##

hostname = localhost.localdomain
uname -m = x86_64
uname -r = 3.10.0-693.17.1.el7.x86_64
uname -s = Linux
uname -v = #1 SMP Thu Jan 25 20:13:58 UTC 2018

/usr/bin/uname -p = x86_64
/bin/uname -X     = unknown

/bin/arch              = x86_64
/usr/bin/arch -k       = unknown
/usr/convex/getsysinfo = unknown
hostinfo               = unknown
/bin/machine           = unknown
/usr/bin/oslevel       = unknown
/bin/universe          = unknown

PATH: /home/blakedonzac/cs161/bin
PATH: /home/blakedonzac/cs161
PATH: /home/blakedonzac/comp3500/project2
PATH: /home/blakedonzac/cs161
PATH: /home/blakedonzac/comp3500/project2
PATH: /usr/local/bin
PATH: /usr/local/sbin
PATH: /usr/bin
PATH: /usr/sbin
PATH: /bin
PATH: /sbin
PATH: /home/blakedonzac/.local/bin
PATH: /home/blakedonzac/bin
PATH: /home/blakedonzac/cs161/tools/bin


## ----------- ##
## Core tests. ##
## ----------- ##

configure:1300: loading cache ./config.cache
configure:1426: checking build system type
configure:1444: result: x86_64-unknown-linux-gnu
configure:1452: checking host system type
configure:1466: result: x86_64-unknown-linux-gnu
configure:1474: checking target system type
configure:1488: result: mips-unknown-linux-gnu
configure:1559: checking LIBRARY_PATH variable
configure:1569: result: ok
configure:1590: checking GCC_EXEC_PREFIX variable
configure:1600: result: ok
configure:1684: checking whether to place generated files in the source directory
configure:1694: result: no
configure:1740: checking whether a default linker was specified
configure:1751: result: no
configure:1800: checking whether a default assembler was specified
configure:1811: result: no
configure:1837: checking for x86_64-unknown-linux-gnu-gcc
configure:1863: result: gcc
configure:2145: checking for C compiler version
configure:2148: gcc --version </dev/null >&5
gcc (GCC) 4.8.5 20150623 (Red Hat 4.8.5-16)
Copyright (C) 2015 Free Software Foundation, Inc.
This is free software; see the source for copying conditions.  There is NO
warranty; not even for MERCHANTABILITY or FITNESS FOR A PARTICULAR PURPOSE.

configure:2151: $? = 0
configure:2153: gcc -v </dev/null >&5
Using built-in specs.
COLLECT_GCC=gcc
COLLECT_LTO_WRAPPER=/usr/libexec/gcc/x86_64-redhat-linux/4.8.5/lto-wrapper
Target: x86_64-redhat-linux
Configured with: ../configure --prefix=/usr --mandir=/usr/share/man --infodir=/usr/share/info --with-bugurl=http://bugzilla.redhat.com/bugzilla --enable-bootstrap --enable-shared --enable-threads=posix --enable-checking=release --with-system-zlib --enable-__cxa_atexit --disable-libunwind-exceptions --enable-gnu-unique-object --enable-linker-build-id --with-linker-hash-style=gnu --enable-languages=c,c++,objc,obj-c++,java,fortran,ada,go,lto --enable-plugin --enable-initfini-array --disable-libgcj --with-isl=/builddir/build/BUILD/gcc-4.8.5-20150702/obj-x86_64-redhat-linux/isl-install --with-cloog=/builddir/build/BUILD/gcc-4.8.5-20150702/obj-x86_64-redhat-linux/cloog-install --enable-gnu-indirect-function --with-tune=generic --with-arch_32=x86-64 --build=x86_64-redhat-linux
Thread model: posix
gcc version 4.8.5 20150623 (Red Hat 4.8.5-16) (GCC) 
configure:2156: $? = 0
configure:2158: gcc -V </dev/null >&5
gcc: error: unrecognized command line option '-V'
gcc: fatal error: no input files
compilation terminated.
configure:2161: $? = 4
configure:2184: checking for C compiler default output file name
configure:2187: gcc -g -O2    conftest.c  >&5
configure:2190: $? = 0
configure:2236: result: a.out
configure:2241: checking whether the C compiler works
configure:2247: ./a.out
configure:2250: $? = 0
configure:2267: result: yes
configure:2274: checking whether we are cross compiling
configure:2276: result: no
configure:2279: checking for suffix of executables
configure:2281: gcc -o conftest -g -O2    conftest.c  >&5
configure:2284: $? = 0
configure:2309: result: 
configure:2315: checking for suffix of object files
configure:2361: result: o
configure:2365: checking whether we are using the GNU C compiler
configure:2421: result: yes
configure:2427: checking whether gcc accepts -g
configure:2478: result: yes
configure:2495: checking for gcc option to accept ANSI C
configure:2602: result: none needed
configure:2620: gcc -c -g -O2   conftest.c >&5
conftest.c:2:3: error: unknown type name 'choke'
   choke me
   ^
conftest.c:2:3: error: expected '=', ',', ';', 'asm' or '__attribute__' at end of input
configure:2626: $? = 1
configure: failed program was:
| #ifndef __cplusplus
|   choke me
| #endif
configure:2760: checking whether gcc and cc understand -c and -o together
configure:2837: result: yes
configure:2883: checking how to run the C preprocessor
configure:3001: result: gcc -E
configure:3025: gcc -E  conftest.c
configure:3031: $? = 0
configure:3063: gcc -E  conftest.c
conftest.c:9:28: fatal error: ac_nonexistent.h: No such file or directory
 #include <ac_nonexistent.h>
                            ^
compilation terminated.
configure:3069: $? = 1
configure: failed program was:
| /* confdefs.h.  */
| 
| #define PACKAGE_NAME ""
| #define PACKAGE_TARNAME ""
| #define PACKAGE_VERSION ""
| #define PACKAGE_STRING ""
| #define PACKAGE_BUGREPORT ""
| /* end confdefs.h.  */
| #include <ac_nonexistent.h>
configure:3113: checking for inline
configure:3165: result: inline
configure:3187: checking for egrep
configure:3197: result: grep -E
configure:3202: checking for ANSI C header files
configure:3358: result: yes
configure:3382: checking for sys/types.h
configure:3428: result: yes
configure:3382: checking for sys/stat.h
configure:3428: result: yes
configure:3382: checking for stdlib.h
configure:3428: result: yes
configure:3382: checking for string.h
configure:3428: result: yes
configure:3382: checking for memory.h
configure:3428: result: yes
configure:3382: checking for strings.h
configure:3428: result: yes
configure:3382: checking for inttypes.h
configure:3428: result: yes
configure:3382: checking for stdint.h
configure:3428: result: yes
configure:3382: checking for unistd.h
configure:3428: result: yes
configure:3440: checking for void *
configure:3494: result: yes
configure:3497: checking size of void *
configure:3847: result: 8
configure:3854: checking for short
configure:3908: result: yes
configure:3911: checking size of short
configure:4261: result: 2
configure:4268: checking for int
configure:4322: result: yes
configure:4325: checking size of int
configure:4675: result: 4
configure:4682: checking for long
configure:4736: result: yes
configure:4739: checking size of long
configure:5089: result: 8
configure:5096: checking for long long
configure:5150: result: yes
configure:5158: checking for long long
configure:5212: result: yes
configure:5215: checking size of long long
configure:5565: result: 8
configure:5574: checking for __int64
configure:5628: result: no
configure:6063: checking whether gcc accepts -Wno-long-long
configure:6111: result: yes
configure:6114: checking whether gcc accepts -Wno-variadic-macros
configure:6162: result: yes
configure:6172: checking whether gcc accepts -Wold-style-definition
configure:6220: result: yes
configure:6227: checking whether gcc accepts -Wmissing-format-attribute
configure:6275: result: yes
configure:6468: checking for valgrind.h
configure:6473: result: no
configure:7072: checking whether make sets $(MAKE)
configure:7092: result: yes
configure:7107: checking for gawk
configure:7133: result: gawk
configure:7151: checking whether ln -s works
configure:7179: result: yes
configure:7191: checking whether ln works
configure:7213: result: yes
configure:7220: checking for x86_64-unknown-linux-gnu-ranlib
configure:7246: result: ranlib
configure:7320: checking for a BSD compatible install
configure:7362: result: /usr/bin/install -c
configure:7373: checking for cmp's capabilities
configure:7400: result: gnucompare
configure:7409: checking for mktemp
configure:7436: result: yes
configure:7453: checking for makeinfo
configure:7479: result: /home/blakedonzac/cs161/cs161-gcc-1.5/gcc-4.1.2+cs161/missing makeinfo --split-size=5000000
configure:7488: checking for modern makeinfo
configure:7504: result: no
configure:7514: WARNING:
*** Makeinfo is missing or too old.
*** Info documentation will not be built.
configure:7525: checking for recent Pod::Man
configure:7528: result: yes
configure:7543: checking for flex
configure:7569: result: flex
configure:7586: checking for bison
configure:7612: result: bison
configure:7634: checking for nm
configure:7661: result: nm
configure:7677: checking for ar
configure:7704: result: ar
configure:7718: checking for GNU C library
configure:7773: result: yes
configure:7788: checking for ANSI C header files
configure:7944: result: yes
configure:7954: checking whether time.h and sys/time.h may both be included
configure:8009: result: yes
configure:8019: checking whether string.h and strings.h may both be included
configure:8071: result: yes
configure:8081: checking for sys/wait.h that is POSIX.1 compatible
configure:8142: result: yes
configure:8180: checking for limits.h
configure:8220: result: yes
configure:8180: checking for stddef.h
configure:8220: result: yes
configure:8180: checking for string.h
configure:8220: result: yes
configure:8180: checking for strings.h
configure:8220: result: yes
configure:8180: checking for stdlib.h
configure:8220: result: yes
configure:8180: checking for time.h
configure:8220: result: yes
configure:8180: checking for iconv.h
configure:8220: result: yes
configure:8180: checking for fcntl.h
configure:8220: result: yes
configure:8180: checking for unistd.h
configure:8220: result: yes
configure:8180: checking for sys/file.h
configure:8220: result: yes
configure:8180: checking for sys/time.h
configure:8220: result: yes
configure:8180: checking for sys/mman.h
configure:8220: result: yes
configure:8180: checking for sys/resource.h
configure:8220: result: yes
configure:8180: checking for sys/param.h
configure:8220: result: yes
configure:8180: checking for sys/times.h
configure:8220: result: yes
configure:8180: checking for sys/stat.h
configure:8220: result: yes
configure:8180: checking for direct.h
configure:8220: result: no
configure:8180: checking for malloc.h
configure:8220: result: yes
configure:8180: checking for langinfo.h
configure:8220: result: yes
configure:8180: checking for ldfcn.h
configure:8220: result: no
configure:8180: checking for locale.h
configure:8220: result: yes
configure:8180: checking for wchar.h
configure:8220: result: yes
configure:8232: checking for thread.h
configure:8272: result: no
configure:8280: checking for pthread.h
configure:8320: result: yes
configure:8330: checking for CHAR_BIT
configure:8358: result: yes
configure:8435: checking whether byte ordering is bigendian
configure:8646: result: no
configure:8693: checking for collect2 libraries
configure:8760: result: none required
configure:8772: checking for library containing exc_resume
configure:8891: result: no
configure:8906: checking for library containing ldexp
configure:9025: result: none required
configure:9038: checking for inttypes.h
configure:9091: result: yes
configure:9144: checking for times
configure:9232: result: yes
configure:9144: checking for clock
configure:9232: result: yes
configure:9144: checking for kill
configure:9232: result: yes
configure:9144: checking for getrlimit
configure:9232: result: yes
configure:9144: checking for setrlimit
configure:9232: result: yes
configure:9144: checking for atoll
configure:9232: result: yes
configure:9144: checking for atoq
configure:9232: result: no
configure:9144: checking for sysconf
configure:9232: result: yes
configure:9144: checking for strsignal
configure:9232: result: yes
configure:9144: checking for getrusage
configure:9232: result: yes
configure:9144: checking for nl_langinfo
configure:9232: result: yes
configure:9144: checking for scandir
configure:9232: result: yes
configure:9144: checking for alphasort
configure:9232: result: yes
configure:9144: checking for gettimeofday
configure:9232: result: yes
configure:9144: checking for mbstowcs
configure:9232: result: yes
configure:9144: checking for wcswidth
configure:9232: result: yes
configure:9144: checking for mmap
configure:9232: result: yes
configure:9144: checking for mincore
configure:9232: result: yes
configure:9144: checking for setlocale
configure:9232: result: yes
configure:9144: checking for clearerr_unlocked
configure:9232: result: yes
configure:9144: checking for feof_unlocked
configure:9232: result: yes
configure:9144: checking for ferror_unlocked
configure:9232: result: yes
configure:9144: checking for fflush_unlocked
configure:9232: result: yes
configure:9144: checking for fgetc_unlocked
configure:9232: result: yes
configure:9144: checking for fgets_unlocked
configure:9232: result: yes
configure:9144: checking for fileno_unlocked
configure:9232: result: yes
configure:9144: checking for fprintf_unlocked
configure:9232: result: no
configure:9144: checking for fputc_unlocked
configure:9232: result: yes
configure:9144: checking for fputs_unlocked
configure:9232: result: yes
configure:9144: checking for fread_unlocked
configure:9232: result: yes
configure:9144: checking for fwrite_unlocked
configure:9232: result: yes
configure:9144: checking for getchar_unlocked
configure:9232: result: yes
configure:9144: checking for getc_unlocked
configure:9232: result: yes
configure:9144: checking for putchar_unlocked
configure:9232: result: yes
configure:9144: checking for putc_unlocked
configure:9232: result: yes
configure:9244: checking whether mbstowcs works
configure:9288: result: yes
configure:9299: checking for ssize_t
configure:9353: result: yes
configure:9368: checking for uid_t in sys/types.h
configure:9391: result: yes
configure:9406: checking type of array argument to getgroups
configure:9485: result: gid_t
configure:9511: checking for sys/mman.h
configure:9551: result: yes
configure:9559: checking for mmap
configure:9647: result: yes
configure:9661: checking whether read-only mmap of a plain file works
configure:9678: result: yes
configure:9680: checking whether mmap from /dev/zero works
configure:9702: result: yes
configure:9706: checking for MAP_ANON(YMOUS)
configure:9764: result: yes
configure:9770: checking whether mmap with MAP_ANON(YMOUS) works
configure:9787: result: yes
configure:9823: checking for pid_t
configure:9877: result: yes
configure:9894: checking for unistd.h
configure:9934: result: yes
configure:9894: checking for vfork.h
configure:9934: result: no
configure:9949: checking for fork
configure:10037: result: yes
configure:9949: checking for vfork
configure:10037: result: yes
configure:10048: checking for working fork
configure:10093: result: yes
configure:10114: checking for working vfork
configure:10247: result: yes
configure:10319: checking for ld used by GCC
configure:10382: result: ld
configure:10391: checking if the linker (ld) is GNU ld
configure:10403: result: yes
configure:10409: checking for shared library run path origin
configure:10422: result: done
configure:10852: checking for iconv
configure:10964: result: yes
configure:10987: checking for iconv declaration
configure:11055: result: 
         extern size_t iconv (iconv_t cd, char * *inbuf, size_t *inbytesleft, char * *outbuf, size_t *outbytesleft);
configure:11070: checking for LC_MESSAGES
configure:11122: result: yes
configure:11134: checking for nl_langinfo and CODESET
configure:11187: result: yes
configure:11246: checking whether getenv is declared
configure:11306: result: yes
configure:11246: checking whether atol is declared
configure:11306: result: yes
configure:11246: checking whether asprintf is declared
configure:11306: result: yes
configure:11246: checking whether sbrk is declared
configure:11306: result: yes
configure:11246: checking whether abort is declared
configure:11306: result: yes
configure:11246: checking whether atof is declared
configure:11306: result: yes
configure:11246: checking whether getcwd is declared
configure:11306: result: yes
configure:11246: checking whether getwd is declared
configure:11306: result: yes
configure:11246: checking whether strsignal is declared
configure:11306: result: yes
configure:11246: checking whether strstr is declared
configure:11306: result: yes
configure:11246: checking whether strverscmp is declared
configure:11306: result: yes
configure:11246: checking whether errno is declared
configure:11306: result: yes
configure:11246: checking whether snprintf is declared
configure:11306: result: yes
configure:11246: checking whether vsnprintf is declared
configure:11306: result: yes
configure:11246: checking whether vasprintf is declared
configure:11306: result: yes
configure:11246: checking whether malloc is declared
configure:11306: result: yes
configure:11246: checking whether realloc is declared
configure:11306: result: yes
configure:11246: checking whether calloc is declared
configure:11306: result: yes
configure:11246: checking whether free is declared
configure:11306: result: yes
configure:11246: checking whether basename is declared
configure:11306: result: yes
configure:11246: checking whether getopt is declared
configure:11312: result: no
configure:11246: checking whether clock is declared
configure:11306: result: yes
configure:11246: checking whether getpagesize is declared
configure:11306: result: yes
configure:11246: checking whether clearerr_unlocked is declared
configure:11306: result: yes
configure:11246: checking whether feof_unlocked is declared
configure:11306: result: yes
configure:11246: checking whether ferror_unlocked is declared
configure:11306: result: yes
configure:11246: checking whether fflush_unlocked is declared
configure:11306: result: yes
configure:11246: checking whether fgetc_unlocked is declared
configure:11306: result: yes
configure:11246: checking whether fgets_unlocked is declared
configure:11306: result: yes
configure:11246: checking whether fileno_unlocked is declared
configure:11306: result: yes
configure:11246: checking whether fprintf_unlocked is declared
configure:11312: result: no
configure:11246: checking whether fputc_unlocked is declared
configure:11306: result: yes
configure:11246: checking whether fputs_unlocked is declared
configure:11306: result: yes
configure:11246: checking whether fread_unlocked is declared
configure:11306: result: yes
configure:11246: checking whether fwrite_unlocked is declared
configure:11306: result: yes
configure:11246: checking whether getchar_unlocked is declared
configure:11306: result: yes
configure:11246: checking whether getc_unlocked is declared
configure:11306: result: yes
configure:11246: checking whether putchar_unlocked is declared
configure:11306: result: yes
configure:11246: checking whether putc_unlocked is declared
configure:11306: result: yes
configure:11328: checking whether getrlimit is declared
configure:11392: result: yes
configure:11328: checking whether setrlimit is declared
configure:11392: result: yes
configure:11328: checking whether getrusage is declared
configure:11392: result: yes
configure:11430: gcc -c -g -O2  -I/home/blakedonzac/cs161/cs161-gcc-1.5/./gcc-4.1.2+cs161/gcc -I/home/blakedonzac/cs161/cs161-gcc-1.5/./gcc-4.1.2+cs161/gcc/../include  conftest.c >&5
configure:11436: $? = 0
configure:11440: test -z 
			 || test ! -s conftest.err
configure:11443: $? = 0
configure:11446: test -s conftest.o
configure:11449: $? = 0
configure:11472: checking whether ldgetname is declared
configure:11544: result: no
configure:11558: checking whether times is declared
configure:11622: result: yes
configure:11639: checking for struct tms
configure:11697: result: yes
configure:11709: checking for clock_t
configure:11764: result: yes
configure:11783: checking for .preinit_array/.init_array/.fini_array support
configure:11826: result: yes
configure:11840: checking if mkdir takes one argument
configure:11901: result: no
configure:12341: checking whether NLS is requested
configure:12347: result: yes
configure:12355: checking for catalogs to be installed
configure:12387: result:  be ca da de el es fr ja nl ru rw sv tr zh_CN zh_TW be ca da de el es fr ja nl ru rw sv tr zh_CN zh_TW
configure:13127: checking what assembler to use
configure:13135: result: ./as
configure:13386: checking what linker to use
configure:13394: result: ./collect-ld
configure:13615: checking what nm to use
configure:13620: result: ./nm
configure:13646: checking for mips-linux-objdump
configure:13676: result: /home/blakedonzac/cs161/tools/bin/mips-linux-objdump
configure:13839: checking what objdump to use
configure:13844: result: /home/blakedonzac/cs161/tools/bin/mips-linux-objdump
configure:13849: checking assembler for .balign and .p2align
configure:13877: result: yes
configure:13887: checking assembler for .p2align with maximum skip
configure:13914: result: yes
configure:13924: checking assembler for working .subsection -1
configure:13963: result: yes
configure:13973: checking assembler for .weak
configure:14000: result: yes
configure:14010: checking assembler for .weakref
configure:14037: result: no
configure:14047: checking assembler for .nsubspa comdat
configure:14075: result: no
configure:14092: checking assembler for .hidden
configure:14121: result: yes
configure:14125: checking linker for .hidden support
configure:14182: result: yes
configure:14197: checking assembler for .sleb128 and .uleb128
configure:14244: result: yes
configure:14256: checking assembler for eh_frame optimization
configure:14344: result: yes
configure:14356: checking assembler for section merging support
configure:14384: result: yes
configure:14426: checking assembler for COMDAT group support
configure:14454: result: no
configure:14460: checking assembler for COMDAT group support
configure:14488: result: no
configure:14859: checking assembler for thread-local storage support
configure:14886: result: no
configure:14902: checking linker -Bstatic/-Bdynamic option
configure:14923: result: yes
configure:15716: checking assembler for explicit relocation support
configure:15743: result: yes
configure:15795: checking assembler for dwarf2 debug_line support
configure:15827: result: yes
configure:15835: checking assembler for buggy dwarf2 .file directive
configure:15859: result: no
configure:15872: checking assembler for --gdwarf2 option
configure:15900: result: yes
configure:15910: checking assembler for --gstabs option
configure:15949: result: yes
configure:15960: checking linker read-only and read-write section mixing
configure:15998: result: read-write
configure:16001: checking linker PT_GNU_EH_FRAME support
configure:16023: result: yes
configure:16026: checking linker position independent executable support
configure:16047: result: no
configure:16054: checking linker --as-needed support
configure:16073: result: no
configure:16133: checking linker --sysroot support
configure:16149: result: no
configure:16171: checking __stack_chk_fail in target GNU C library
configure:16204: result: no
configure:16260: checking whether to enable maintainer-specific portions of Makefiles
configure:16270: result: no
configure:16673: creating ./config.status

## ---------------------- ##
## Running config.status. ##
## ---------------------- ##

This file was extended by config.status, which was
generated by GNU Autoconf 2.59.  Invocation command line was

  CONFIG_FILES    = 
  CONFIG_HEADERS  = 
  CONFIG_LINKS    = 
  CONFIG_COMMANDS = 
  $ ./config.status 

on localhost.localdomain

config.status:818: creating Makefile
config.status:818: creating gccbug
config.status:818: creating mklibgcc
config.status:818: creating libada-mk
config.status:914: creating auto-host.h
config.status:1378: auto-host.h is unchanged
config.status:1536: executing default commands

## ---------------- ##
## Cache variables. ##
## ---------------- ##

ac_cv_build=x86_64-unknown-linux-gnu
ac_cv_build_alias=x86_64-unknown-linux-gnu
ac_cv_c_bigendian=no
ac_cv_c_compiler_gnu=yes
ac_cv_c_inline=inline
ac_cv_env_CC_set=set
ac_cv_env_CC_value=gcc
ac_cv_env_CFLAGS_set=set
ac_cv_env_CFLAGS_value='-g -O2 '
ac_cv_env_CPPFLAGS_set=
ac_cv_env_CPPFLAGS_value=
ac_cv_env_CPP_set=
ac_cv_env_CPP_value=
ac_cv_env_GMPINC_set=set
ac_cv_env_GMPINC_value=
ac_cv_env_GMPLIBS_set=set
ac_cv_env_GMPLIBS_value='-lmpfr -lgmp'
ac_cv_env_LDFLAGS_set=set
ac_cv_env_LDFLAGS_value=
ac_cv_env_build_alias_set=set
ac_cv_env_build_alias_value=x86_64-unknown-linux-gnu
ac_cv_env_host_alias_set=set
ac_cv_env_host_alias_value=x86_64-unknown-linux-gnu
ac_cv_env_target_alias_set=set
ac_cv_env_target_alias_value=mips-linux
ac_cv_exeext=
ac_cv_func_alphasort=yes
ac_cv_func_atoll=yes
ac_cv_func_atoq=no
ac_cv_func_clearerr_unlocked=yes
ac_cv_func_clock=yes
ac_cv_func_feof_unlocked=yes
ac_cv_func_ferror_unlocked=yes
ac_cv_func_fflush_unlocked=yes
ac_cv_func_fgetc_unlocked=yes
ac_cv_func_fgets_unlocked=yes
ac_cv_func_fileno_unlocked=yes
ac_cv_func_fork=yes
ac_cv_func_fork_works=yes
ac_cv_func_fprintf_unlocked=no
ac_cv_func_fputc_unlocked=yes
ac_cv_func_fputs_unlocked=yes
ac_cv_func_fread_unlocked=yes
ac_cv_func_fwrite_unlocked=yes
ac_cv_func_getc_unlocked=yes
ac_cv_func_getchar_unlocked=yes
ac_cv_func_getrlimit=yes
ac_cv_func_getrusage=yes
ac_cv_func_gettimeofday=yes
ac_cv_func_kill=yes
ac_cv_func_mbstowcs=yes
ac_cv_func_mincore=yes
ac_cv_func_mmap=yes
ac_cv_func_nl_langinfo=yes
ac_cv_func_putc_unlocked=yes
ac_cv_func_putchar_unlocked=yes
ac_cv_func_scandir=yes
ac_cv_func_setlocale=yes
ac_cv_func_setrlimit=yes
ac_cv_func_strsignal=yes
ac_cv_func_sysconf=yes
ac_cv_func_times=yes
ac_cv_func_vfork=yes
ac_cv_func_vfork_works=yes
ac_cv_func_wcswidth=yes
ac_cv_header_direct_h=no
ac_cv_header_fcntl_h=yes
ac_cv_header_iconv_h=yes
ac_cv_header_inttypes_h=yes
ac_cv_header_langinfo_h=yes
ac_cv_header_ldfcn_h=no
ac_cv_header_limits_h=yes
ac_cv_header_locale_h=yes
ac_cv_header_malloc_h=yes
ac_cv_header_memory_h=yes
ac_cv_header_pthread_h=yes
ac_cv_header_stdc=yes
ac_cv_header_stddef_h=yes
ac_cv_header_stdint_h=yes
ac_cv_header_stdlib_h=yes
ac_cv_header_string_h=yes
ac_cv_header_strings_h=yes
ac_cv_header_sys_file_h=yes
ac_cv_header_sys_mman_h=yes
ac_cv_header_sys_param_h=yes
ac_cv_header_sys_resource_h=yes
ac_cv_header_sys_stat_h=yes
ac_cv_header_sys_time_h=yes
ac_cv_header_sys_times_h=yes
ac_cv_header_sys_types_h=yes
ac_cv_header_sys_wait_h=yes
ac_cv_header_thread_h=no
ac_cv_header_time=yes
ac_cv_header_time_h=yes
ac_cv_header_unistd_h=yes
ac_cv_header_valgrind_h=no
ac_cv_header_vfork_h=no
ac_cv_header_wchar_h=yes
ac_cv_host=x86_64-unknown-linux-gnu
ac_cv_host_alias=x86_64-unknown-linux-gnu
ac_cv_objext=o
ac_cv_path_gcc_cv_objdump=/home/blakedonzac/cs161/tools/bin/mips-linux-objdump
ac_cv_prog_AR=ar
ac_cv_prog_AWK=gawk
ac_cv_prog_BISON=bison
ac_cv_prog_CC=gcc
ac_cv_prog_CPP='gcc -E'
ac_cv_prog_FLEX=flex
ac_cv_prog_MAKEINFO='/home/blakedonzac/cs161/cs161-gcc-1.5/gcc-4.1.2+cs161/missing makeinfo --split-size=5000000'
ac_cv_prog_NM=nm
ac_cv_prog_RANLIB=ranlib
ac_cv_prog_cc_g=yes
ac_cv_prog_cc_gcc_c_o=yes
ac_cv_prog_cc_stdc=
ac_cv_prog_cc_w_missing_format_attribute=yes
ac_cv_prog_cc_w_no_long_long=yes
ac_cv_prog_cc_w_no_variadic_macros=yes
ac_cv_prog_cc_w_old_style_definition=yes
ac_cv_prog_egrep='grep -E'
ac_cv_prog_have_mktemp_command=yes
ac_cv_prog_make_make_set=yes
ac_cv_search_exc_resume=no
ac_cv_search_ldexp='none required'
ac_cv_sizeof_int=4
ac_cv_sizeof_long=8
ac_cv_sizeof_long_long=8
ac_cv_sizeof_short=2
ac_cv_sizeof_void_p=8
ac_cv_struct_tms=yes
ac_cv_target=mips-unknown-linux-gnu
ac_cv_target_alias=mips-linux
ac_cv_type___int64=no
ac_cv_type_getgroups=gid_t
ac_cv_type_int=yes
ac_cv_type_long=yes
ac_cv_type_long_long=yes
ac_cv_type_pid_t=yes
ac_cv_type_short=yes
ac_cv_type_ssize_t=yes
ac_cv_type_uid_t=yes
ac_cv_type_void_p=yes
acl_cv_hardcode_direct=no
acl_cv_hardcode_libdir_flag_spec='${wl}-rpath ${wl}$libdir'
acl_cv_hardcode_libdir_separator=
acl_cv_hardcode_minus_L=no
acl_cv_libext=a
acl_cv_path_LD=ld
acl_cv_prog_gnu_ld=yes
acl_cv_rpath=done
acl_cv_shlibext=so
acl_cv_wl=-Wl,
acx_cv_prog_LN=ln
am_cv_func_iconv=yes
am_cv_langinfo_codeset=yes
am_cv_lib_iconv=no
am_cv_proto_iconv='extern size_t iconv (iconv_t cd, char * *inbuf, size_t *inbytesleft, char * *outbuf, size_t *outbytesleft);'
am_cv_proto_iconv_arg1=
am_cv_val_LC_MESSAGES=yes
gcc_cv_as=./as
gcc_cv_as_balign_and_p2align=yes
gcc_cv_as_comdat_group=no
gcc_cv_as_comdat_group_percent=no
gcc_cv_as_dwarf2_debug_line=yes
gcc_cv_as_dwarf2_file_buggy=no
gcc_cv_as_eh_frame=yes
gcc_cv_as_gas_srcdir=/home/blakedonzac/cs161/cs161-gcc-1.5/./gcc-4.1.2+cs161/gas
gcc_cv_as_gdwarf2_flag=yes
gcc_cv_as_gstabs_flag=yes
gcc_cv_as_hidden=yes
gcc_cv_as_leb128=yes
gcc_cv_as_max_skip_p2align=yes
gcc_cv_as_mips_explicit_relocs=yes
gcc_cv_as_nsubspa_comdat=no
gcc_cv_as_shf_merge=yes
gcc_cv_as_subsection_m1=yes
gcc_cv_as_tls=no
gcc_cv_as_weak=yes
gcc_cv_as_weakref=no
gcc_cv_binutils_srcdir=/home/blakedonzac/cs161/cs161-gcc-1.5/./gcc-4.1.2+cs161/binutils
gcc_cv_collect2_libs='none required'
gcc_cv_decl_char_bit=yes
gcc_cv_decl_map_anon=yes
gcc_cv_func_mbstowcs_works=yes
gcc_cv_func_mmap_anon=yes
gcc_cv_func_mmap_dev_zero=yes
gcc_cv_func_mmap_file=yes
gcc_cv_gas_major_version=
gcc_cv_gas_minor_version=
gcc_cv_gld_major_version=
gcc_cv_gld_minor_version=
gcc_cv_glibc=yes
gcc_cv_have_decl_abort=yes
gcc_cv_have_decl_asprintf=yes
gcc_cv_have_decl_atof=yes
gcc_cv_have_decl_atol=yes
gcc_cv_have_decl_basename=yes
gcc_cv_have_decl_calloc=yes
gcc_cv_have_decl_clearerr_unlocked=yes
gcc_cv_have_decl_clock=yes
gcc_cv_have_decl_errno=yes
gcc_cv_have_decl_feof_unlocked=yes
gcc_cv_have_decl_ferror_unlocked=yes
gcc_cv_have_decl_fflush_unlocked=yes
gcc_cv_have_decl_fgetc_unlocked=yes
gcc_cv_have_decl_fgets_unlocked=yes
gcc_cv_have_decl_fileno_unlocked=yes
gcc_cv_have_decl_fprintf_unlocked=no
gcc_cv_have_decl_fputc_unlocked=yes
gcc_cv_have_decl_fputs_unlocked=yes
gcc_cv_have_decl_fread_unlocked=yes
gcc_cv_have_decl_free=yes
gcc_cv_have_decl_fwrite_unlocked=yes
gcc_cv_have_decl_getc_unlocked=yes
gcc_cv_have_decl_getchar_unlocked=yes
gcc_cv_have_decl_getcwd=yes
gcc_cv_have_decl_getenv=yes
gcc_cv_have_decl_getopt=no
gcc_cv_have_decl_getpagesize=yes
gcc_cv_have_decl_getrlimit=yes
gcc_cv_have_decl_getrusage=yes
gcc_cv_have_decl_getwd=yes
gcc_cv_have_decl_ldgetname=no
gcc_cv_have_decl_malloc=yes
gcc_cv_have_decl_putc_unlocked=yes
gcc_cv_have_decl_putchar_unlocked=yes
gcc_cv_have_decl_realloc=yes
gcc_cv_have_decl_sbrk=yes
gcc_cv_have_decl_setrlimit=yes
gcc_cv_have_decl_snprintf=yes
gcc_cv_have_decl_strsignal=yes
gcc_cv_have_decl_strstr=yes
gcc_cv_have_decl_strverscmp=yes
gcc_cv_have_decl_times=yes
gcc_cv_have_decl_vasprintf=yes
gcc_cv_have_decl_vsnprintf=yes
gcc_cv_header_inttypes_h=yes
gcc_cv_header_string=yes
gcc_cv_initfini_array=yes
gcc_cv_ld=./collect-ld
gcc_cv_ld_as_needed=no
gcc_cv_ld_bfd_srcdir=/home/blakedonzac/cs161/cs161-gcc-1.5/./gcc-4.1.2+cs161/bfd
gcc_cv_ld_eh_frame_hdr=yes
gcc_cv_ld_gld_srcdir=/home/blakedonzac/cs161/cs161-gcc-1.5/./gcc-4.1.2+cs161/ld
gcc_cv_ld_hidden=yes
gcc_cv_ld_pie=no
gcc_cv_ld_ro_rw_mix=read-write
gcc_cv_ld_static_dynamic=yes
gcc_cv_ld_sysroot=no
gcc_cv_libc_provides_ssp=no
gcc_cv_mkdir_takes_one_arg=no
gcc_cv_nm=./nm
gcc_cv_objdump=/home/blakedonzac/cs161/tools/bin/mips-linux-objdump
gcc_cv_prog_LN_S='ln -s'
gcc_cv_prog_cmp_skip=gnucompare
gcc_cv_prog_makeinfo_modern=no
gcc_cv_tool_dirs=/home/blakedonzac/cs161/tools/libexec/gcc/mips-linux/4.1.2:/home/blakedonzac/cs161/tools/libexec/gcc/mips-linux:/usr/lib/gcc/mips-linux/4.1.2:/usr/lib/gcc/mips-linux:/home/blakedonzac/cs161/tools/mips-linux/bin/mips-linux/4.1.2:/home/blakedonzac/cs161/tools/mips-linux/bin
gcc_cv_tool_prefix=/home/blakedonzac/cs161/tools
gcc_cv_type_clock_t=yes

## ----------------- ##
## Output variables. ##
## ----------------- ##

ALL='all.cross'
AR='ar'
AWK='gawk'
BISON='bison'
BUILD_CFLAGS='$(ALL_CFLAGS)'
BUILD_INFO=''
CATALOGS=' po/be.gmo po/ca.gmo po/da.gmo po/de.gmo po/el.gmo po/es.gmo po/fr.gmo po/ja.gmo po/nl.gmo po/ru.gmo po/rw.gmo po/sv.gmo po/tr.gmo po/zh_CN.gmo po/zh_TW.gmo po/be.gmo po/ca.gmo po/da.gmo po/de.gmo po/el.gmo po/es.gmo po/fr.gmo po/ja.gmo po/nl.gmo po/ru.gmo po/rw.gmo po/sv.gmo po/tr.gmo po/zh_CN.gmo po/zh_TW.gmo'
CC='gcc'
CC_FOR_BUILD='$(CC)'
CFLAGS='-g -O2 '
COLLECT2_LIBS=''
CPP='gcc -E'
CPPFLAGS=''
CROSS='-DCROSS_COMPILE'
CROSS_SYSTEM_HEADER_DIR='$(gcc_tooldir)/sys-include'
DEFS='-DHAVE_CONFIG_H'
ECHO_C=''
ECHO_N='-n'
ECHO_T=''
EGREP='grep -E'
EXEEXT=''
FLEX='flex'
GENERATED_MANPAGES='generated-manpages'
GENINSRC='#'
GGC='ggc-page'
GMPINC=''
GMPLIBS='-lmpfr -lgmp'
GMSGFMT='/usr/bin/msgfmt'
GNAT_LIBEXC=''
INCINTL=''
INSTALL='/usr/bin/install -c'
INSTALL_DATA='/usr/bin/install -c -m 644'
INSTALL_PROGRAM='/usr/bin/install -c'
LDEXP_LIB=''
LDFLAGS=''
LIBICONV=''
LIBICONV_DEP=''
LIBINTL=''
LIBINTL_DEP=''
LIBOBJS=''
LIBS=''
LN='ln'
LN_S='ln -s'
LTLIBICONV=''
LTLIBOBJS=''
MAINT='#'
MAKEINFO='/bin/sh /home/blakedonzac/cs161/cs161-gcc-1.5/./gcc-4.1.2+cs161/gcc/../missing makeinfo'
NM='nm'
NO_MINUS_C_MINUS_O=''
OBJEXT='o'
ORIGINAL_AS_FOR_TARGET='./as'
ORIGINAL_LD_FOR_TARGET='./collect-ld'
ORIGINAL_NM_FOR_TARGET='./nm'
ORIGINAL_OBJDUMP_FOR_TARGET='/home/blakedonzac/cs161/tools/bin/mips-linux-objdump'
OUTPUT_OPTION='-o $@'
PACKAGE_BUGREPORT=''
PACKAGE_NAME=''
PACKAGE_STRING=''
PACKAGE_TARNAME=''
PACKAGE_VERSION=''
PATH_SEPARATOR=':'
POSUB='po'
RANLIB='ranlib'
SET_MAKE=''
SHELL='/bin/sh'
STMP_FIXINC='stmp-fixinc'
STMP_FIXPROTO=''
SYSTEM_HEADER_DIR='$(CROSS_SYSTEM_HEADER_DIR)'
TARGET_GETGROUPS_T='gid_t'
TARGET_SYSTEM_ROOT=''
TARGET_SYSTEM_ROOT_DEFINE=''
TREEBROWSER=''
USE_NLS='yes'
WERROR=''
XGETTEXT='/usr/bin/xgettext'
ac_ct_CC=''
ac_ct_RANLIB=''
all_boot_languages=''
all_compilers=''
all_gtfiles=' $(srcdir)/c-lang.c $(srcdir)/c-tree.h $(srcdir)/c-decl.c $(srcdir)/c-common.c $(srcdir)/c-common.h $(srcdir)/c-pragma.c $(srcdir)/c-objc-common.c $(srcdir)/c-parser.c'
all_gtfiles_files_files=' $(srcdir)/c-lang.c  $(srcdir)/c-tree.h  $(srcdir)/c-decl.c  $(srcdir)/c-common.c  $(srcdir)/c-common.h  $(srcdir)/c-pragma.c  $(srcdir)/c-objc-common.c  $(srcdir)/c-parser.c '
all_gtfiles_files_langs=' c  c  c  c  c  c  c  c '
all_lang_makefiles=''
all_lang_makefrags=''
all_languages=''
all_stagestuff=''
bindir='${exec_prefix}/bin'
build='x86_64-unknown-linux-gnu'
build_alias='x86_64-unknown-linux-gnu'
build_cpu='x86_64'
build_exeext=''
build_install_headers_dir='install-headers-tar'
build_os='linux-gnu'
build_subdir='build-x86_64-unknown-linux-gnu'
build_vendor='unknown'
build_xm_defines=''
build_xm_file_list=' auto-host.h $(srcdir)/../include/ansidecl.h'
build_xm_include_list=' auto-host.h ansidecl.h'
c_target_objs=''
cc_set_by_configure='$(CC)'
check_languages=''
collect2='collect2$(exeext)'
coverage_flags=''
cpp_install_dir=''
cxx_target_objs=''
datadir='${prefix}/share'
dollar=''
enable_multilib='yes'
enable_shared='no'
exec_prefix='${prefix}'
extra_gcc_objs=' '
extra_headers_list=''
extra_modes_file='$(srcdir)/config/mips/mips-modes.def'
extra_objs=' '
extra_opt_files=' $(srcdir)/config/mips/mips.opt'
extra_parts='crtbegin.o crtbeginS.o crtbeginT.o crtend.o crtendS.o'
extra_passes=''
extra_programs=''
float_h_file=''
gcc_config_arguments='/home/blakedonzac/cs161/cs161-gcc-1.5/./gcc-4.1.2+cs161/configure --target=mips-linux --nfp --disable-shared --disable-threads --disable-libmudflap --disable-libssp --prefix=/home/blakedonzac/cs161/tools : (reconfigured) /home/blakedonzac/cs161/downloads/cs161-gcc-1.5/./gcc-4.1.2+cs161/configure --target=mips-linux --nfp --disable-shared --disable-threads --disable-libmudflap --disable-libssp --prefix=/home/blakedonzac/cs161/tools : (reconfigured) /home/blakedonzac/cs161/cs161-gcc-1.5/./gcc-4.1.2+cs161/configure --target=mips-linux --nfp --disable-shared --disable-threads --disable-libmudflap --disable-libssp --prefix=/home/blakedonzac/cs161/tools : (reconfigured) /home/blakedonzac/cs161/cs161-gcc-1.5/./gcc-4.1.2+cs161/configure --target=mips-linux --nfp --disable-shared --disable-threads --disable-libmudflap --disable-libssp --prefix=/home/blakedonzac/cs161/tools : (reconfigured) /home/blakedonzac/cs161/cs161-gcc-1.5/./gcc-4.1.2+cs161/configure --target=mips-linux --nfp --disable-shared --disable-threads --disable-libmudflap --disable-libssp --prefix=/home/blakedonzac/cs161/tools'
gcc_cv_as='./as'
gcc_cv_ld='./collect-ld'
gcc_cv_nm='./nm'
gcc_cv_objdump='/home/blakedonzac/cs161/tools/bin/mips-linux-objdump'
gcc_gxx_include_dir='$(libsubdir)/$(unlibsubdir)/..`echo $(exec_prefix) | sed -e 's|^$(prefix)||' -e 's|/[^/]*|/..|g'`/include/c++/$(version)'
gcc_tooldir='$(libsubdir)/$(unlibsubdir)/../$(target_noncanonical)'
gthread_flags=''
have_mktemp_command='yes'
host='x86_64-unknown-linux-gnu'
host_alias='x86_64-unknown-linux-gnu'
host_cc_for_libada='gcc'
host_cpu='x86_64'
host_exeext=''
host_os='linux-gnu'
host_subdir='.'
host_vendor='unknown'
host_xm_defines=''
host_xm_file_list=' auto-host.h $(srcdir)/../include/ansidecl.h'
host_xm_include_list=' auto-host.h ansidecl.h'
includedir='${prefix}/include'
infodir='${prefix}/info'
inhibit_libc='true'
install=''
lang_opt_files=''
lang_specs_files=''
lang_tree_files=''
libdir='${exec_prefix}/lib'
libexecdir='${exec_prefix}/libexec'
libgcc_visibility='yes'
libstdcxx_incdir='c++/$(version)'
local_prefix='/usr/local'
localstatedir='${prefix}/var'
make_compare_target='gnucompare'
mandir='${prefix}/man'
manext='.1'
md_file='mips/mips.md'
nocommon_flag=''
objc_boehm_gc=''
objdir='/home/blakedonzac/cs161/cs161-gcc-1.5/gcc'
objext='.o'
oldincludedir='/usr/include'
onestep=''
out_file='mips/mips.c'
out_host_hook_obj='host-linux.o'
out_object_file='mips.o'
prefix='/home/blakedonzac/cs161/tools'
program_transform_name='s,^,mips-linux-,;'
quoted_cc_set_by_configure='$(CC)'
quoted_stage_prefix_set_by_configure='$(STAGE_PREFIX)'
ranlib_flags=''
sbindir='${exec_prefix}/sbin'
sharedstatedir='${prefix}/com'
slibdir='$(build_tooldir)/lib'
srcdir='/home/blakedonzac/cs161/cs161-gcc-1.5/./gcc-4.1.2+cs161/gcc'
stage1_cflags=''
stage_prefix_set_by_configure='$(STAGE_PREFIX)'
strict1_warn='-pedantic -Wno-long-long -Wno-variadic-macros -Wold-style-definition -Wmissing-format-attribute'
subdirs=''
sysconfdir='${prefix}/etc'
target='mips-unknown-linux-gnu'
target_alias='mips-linux'
target_cpu='mips'
target_cpu_default='(MASK_SPLIT_ADDRESSES)|MASK_EXPLICIT_RELOCS'
target_noncanonical='mips-linux'
target_os='linux-gnu'
target_subdir='mips-linux'
target_vendor='unknown'
thread_file='single'
tm_defines=''
tm_file_list='options.h $(srcdir)/config/dbxelf.h $(srcdir)/config/elfos.h $(srcdir)/config/svr4.h $(srcdir)/config/linux.h $(srcdir)/config/mips/mips.h $(srcdir)/config/mips/linux.h $(srcdir)/defaults.h'
tm_include_list='options.h config/dbxelf.h config/elfos.h config/svr4.h config/linux.h config/mips/mips.h config/mips/linux.h defaults.h'
tm_p_file_list=' $(srcdir)/config/mips/mips-protos.h tm-preds.h'
tm_p_include_list=' config/mips/mips-protos.h tm-preds.h'
tmake_file=' $(srcdir)/config/mips/t-mips $(srcdir)/config/t-slibgcc-elf-ver $(srcdir)/config/t-linux'
valgrind_command=''
valgrind_path=''
valgrind_path_defines=''
warn_cflags='$(GCC_WARN_CFLAGS)'
xm_defines=''
xm_file_list=' auto-host.h $(srcdir)/../include/ansidecl.h'
xm_include_list=' auto-host.h ansidecl.h'
xmake_file=' $(srcdir)/config/x-linux'
zlibdir='-L../zlib'
zlibinc='-I$(srcdir)/../zlib'

## ------------- ##
## Output files. ##
## ------------- ##

language_hooks='Make-hooks'

## ----------- ##
## confdefs.h. ##
## ----------- ##

#define ENABLE_ASSERT_CHECKING 1
#define ENABLE_NLS 1
#define ENABLE_RUNTIME_CHECKING 1
#define EXTRA_MODES_FILE "config/mips/mips-modes.def"
#define GETGROUPS_T gid_t
#define HAVE_ALPHASORT 1
#define HAVE_AS_DWARF2_DEBUG_LINE 1
#define HAVE_AS_GDWARF2_DEBUG_FLAG 1
#define HAVE_AS_GSTABS_DEBUG_FLAG 1
#define HAVE_AS_LEB128 1
#define HAVE_ATOLL 1
#define HAVE_CLEARERR_UNLOCKED 1
#define HAVE_CLOCK 1
#define HAVE_CLOCK_T 1
#define HAVE_COMDAT_GROUP 0
#define HAVE_DECL_ABORT 1
#define HAVE_DECL_ASPRINTF 1
#define HAVE_DECL_ATOF 1
#define HAVE_DECL_ATOL 1
#define HAVE_DECL_BASENAME 1
#define HAVE_DECL_CALLOC 1
#define HAVE_DECL_CLEARERR_UNLOCKED 1
#define HAVE_DECL_CLOCK 1
#define HAVE_DECL_ERRNO 1
#define HAVE_DECL_FEOF_UNLOCKED 1
#define HAVE_DECL_FERROR_UNLOCKED 1
#define HAVE_DECL_FFLUSH_UNLOCKED 1
#define HAVE_DECL_FGETC_UNLOCKED 1
#define HAVE_DECL_FGETS_UNLOCKED 1
#define HAVE_DECL_FILENO_UNLOCKED 1
#define HAVE_DECL_FPRINTF_UNLOCKED 0
#define HAVE_DECL_FPUTC_UNLOCKED 1
#define HAVE_DECL_FPUTS_UNLOCKED 1
#define HAVE_DECL_FREAD_UNLOCKED 1
#define HAVE_DECL_FREE 1
#define HAVE_DECL_FWRITE_UNLOCKED 1
#define HAVE_DECL_GETCHAR_UNLOCKED 1
#define HAVE_DECL_GETCWD 1
#define HAVE_DECL_GETC_UNLOCKED 1
#define HAVE_DECL_GETENV 1
#define HAVE_DECL_GETOPT 0
#define HAVE_DECL_GETPAGESIZE 1
#define HAVE_DECL_GETRLIMIT 1
#define HAVE_DECL_GETRUSAGE 1
#define HAVE_DECL_GETWD 1
#define HAVE_DECL_LDGETNAME 0
#define HAVE_DECL_MALLOC 1
#define HAVE_DECL_PUTCHAR_UNLOCKED 1
#define HAVE_DECL_PUTC_UNLOCKED 1
#define HAVE_DECL_REALLOC 1
#define HAVE_DECL_SBRK 1
#define HAVE_DECL_SETRLIMIT 1
#define HAVE_DECL_SNPRINTF 1
#define HAVE_DECL_STRSIGNAL 1
#define HAVE_DECL_STRSTR 1
#define HAVE_DECL_STRVERSCMP 1
#define HAVE_DECL_TIMES 1
#define HAVE_DECL_VASPRINTF 1
#define HAVE_DECL_VSNPRINTF 1
#define HAVE_FCNTL_H 1
#define HAVE_FEOF_UNLOCKED 1
#define HAVE_FERROR_UNLOCKED 1
#define HAVE_FFLUSH_UNLOCKED 1
#define HAVE_FGETC_UNLOCKED 1
#define HAVE_FGETS_UNLOCKED 1
#define HAVE_FILENO_UNLOCKED 1
#define HAVE_FORK 1
#define HAVE_FPUTC_UNLOCKED 1
#define HAVE_FPUTS_UNLOCKED 1
#define HAVE_FREAD_UNLOCKED 1
#define HAVE_FWRITE_UNLOCKED 1
#define HAVE_GAS_BALIGN_AND_P2ALIGN 1
#define HAVE_GAS_HIDDEN 1
#define HAVE_GAS_MAX_SKIP_P2ALIGN 1
#define HAVE_GAS_SHF_MERGE 1
#define HAVE_GAS_SUBSECTION_ORDERING 1
#define HAVE_GAS_WEAK 1
#define HAVE_GETCHAR_UNLOCKED 1
#define HAVE_GETC_UNLOCKED 1
#define HAVE_GETRLIMIT 1
#define HAVE_GETRUSAGE 1
#define HAVE_GETTIMEOFDAY 1
#define HAVE_ICONV 1
#define HAVE_ICONV_H 1
#define HAVE_INITFINI_ARRAY 1
#define HAVE_INTTYPES_H 1
#define HAVE_INTTYPES_H 1
#define HAVE_KILL 1
#define HAVE_LANGINFO_CODESET 1
#define HAVE_LANGINFO_H 1
#define HAVE_LC_MESSAGES 1
#define HAVE_LD_EH_FRAME_HDR 1
#define HAVE_LD_RO_RW_SECTION_MIXING 1
#define HAVE_LD_STATIC_DYNAMIC 1
#define HAVE_LIMITS_H 1
#define HAVE_LOCALE_H 1
#define HAVE_LONG_LONG 1
#define HAVE_MALLOC_H 1
#define HAVE_MBSTOWCS 1
#define HAVE_MEMORY_H 1
#define HAVE_MINCORE 1
#define HAVE_MMAP 1
#define HAVE_MMAP_ANON 1
#define HAVE_MMAP_DEV_ZERO 1
#define HAVE_MMAP_FILE 1
#define HAVE_NL_LANGINFO 1
#define HAVE_PUTCHAR_UNLOCKED 1
#define HAVE_PUTC_UNLOCKED 1
#define HAVE_SCANDIR 1
#define HAVE_SETLOCALE 1
#define HAVE_SETRLIMIT 1
#define HAVE_STDDEF_H 1
#define HAVE_STDINT_H 1
#define HAVE_STDLIB_H 1
#define HAVE_STDLIB_H 1
#define HAVE_STRINGS_H 1
#define HAVE_STRINGS_H 1
#define HAVE_STRING_H 1
#define HAVE_STRING_H 1
#define HAVE_STRSIGNAL 1
#define HAVE_STRUCT_TMS 1
#define HAVE_SYSCONF 1
#define HAVE_SYS_FILE_H 1
#define HAVE_SYS_MMAN_H 1
#define HAVE_SYS_PARAM_H 1
#define HAVE_SYS_RESOURCE_H 1
#define HAVE_SYS_STAT_H 1
#define HAVE_SYS_STAT_H 1
#define HAVE_SYS_TIMES_H 1
#define HAVE_SYS_TIME_H 1
#define HAVE_SYS_TYPES_H 1
#define HAVE_SYS_WAIT_H 1
#define HAVE_TIMES 1
#define HAVE_TIME_H 1
#define HAVE_UNISTD_H 1
#define HAVE_UNISTD_H 1
#define HAVE_UNISTD_H 1
#define HAVE_VFORK 1
#define HAVE_WCHAR_H 1
#define HAVE_WCSWIDTH 1
#define HAVE_WORKING_FORK 1
#define HAVE_WORKING_MBSTOWCS 1
#define HAVE_WORKING_VFORK 1
#define ICONV_CONST 
#define NEED_64BIT_HOST_WIDE_INT 1
#define PACKAGE_BUGREPORT ""
#define PACKAGE_NAME ""
#define PACKAGE_STRING ""
#define PACKAGE_TARNAME ""
#define PACKAGE_VERSION ""
#define SIZEOF_INT 4
#define SIZEOF_LONG 8
#define SIZEOF_LONG_LONG 8
#define SIZEOF_SHORT 2
#define SIZEOF_VOID_P 8
#define STDC_HEADERS 1
#define STDC_HEADERS 1
#define STRING_WITH_STRINGS 1
#define TIME_WITH_SYS_TIME 1
#define _GNU_SOURCE 1

configure: exit 0
