This file contains any messages produced by compilers while
running configure, to aid debugging if configure makes a mistake.

It was created by configure, which was
generated by GNU Autoconf 2.59.  Invocation command line was

  $ /home/blakedonzac/cs161/cs161-gdb-1.5/./gdb-6.6+cs161/sim/igen/configure --prefix=/home/blakedonzac/cs161/tools --cache-file=./config.cache --build=x86_64-unknown-linux-gnu --host=x86_64-unknown-linux-gnu --target=mips-elf --with-stabs --prefix=/home/blakedonzac/cs161/tools --program-transform-name=s,^,mips-elf-,;  --srcdir=/home/blakedonzac/cs161/cs161-gdb-1.5/./gdb-6.6+cs161/sim CC=gcc CFLAGS=-g -O2 -Wno-error LDFLAGS= build_alias=x86_64-unknown-linux-gnu host_alias=x86_64-unknown-linux-gnu target_alias=mips-elf --cache-file=.././config.cache --srcdir=/home/blakedonzac/cs161/cs161-gdb-1.5/./gdb-6.6+cs161/sim/igen

## --------- ##
## Platform. ##
## --------- ##

hostname = localhost.localdomain
uname -m = x86_64
uname -r = 3.10.0-693.17.1.el7.x86_64
uname -s = Linux
uname -v = #1 SMP Thu Jan 25 20:13:58 UTC 2018

/usr/bin/uname -p = x86_64
/bin/uname -X     = unknown

/bin/arch              = x86_64
/usr/bin/arch -k       = unknown
/usr/convex/getsysinfo = unknown
hostinfo               = unknown
/bin/machine           = unknown
/usr/bin/oslevel       = unknown
/bin/universe          = unknown

PATH: /home/blakedonzac/cs161/bin
PATH: /home/blakedonzac/cs161
PATH: /home/blakedonzac/comp3500/project2
PATH: /home/blakedonzac/cs161
PATH: /home/blakedonzac/comp3500/project2
PATH: /usr/local/bin
PATH: /usr/local/sbin
PATH: /usr/bin
PATH: /usr/sbin
PATH: /bin
PATH: /sbin
PATH: /home/blakedonzac/.local/bin
PATH: /home/blakedonzac/bin
PATH: /home/blakedonzac/cs161/tools/bin


## ----------- ##
## Core tests. ##
## ----------- ##

configure:1215: loading cache .././config.cache
configure:1342: checking for a BSD-compatible install
configure:1397: result: /usr/bin/install -c
configure:1416: checking for x86_64-unknown-linux-gnu-gcc
configure:1442: result: gcc
configure:1724: checking for C compiler version
configure:1727: gcc --version </dev/null >&5
gcc (GCC) 4.8.5 20150623 (Red Hat 4.8.5-16)
Copyright (C) 2015 Free Software Foundation, Inc.
This is free software; see the source for copying conditions.  There is NO
warranty; not even for MERCHANTABILITY or FITNESS FOR A PARTICULAR PURPOSE.

configure:1730: $? = 0
configure:1732: gcc -v </dev/null >&5
Using built-in specs.
COLLECT_GCC=gcc
COLLECT_LTO_WRAPPER=/usr/libexec/gcc/x86_64-redhat-linux/4.8.5/lto-wrapper
Target: x86_64-redhat-linux
Configured with: ../configure --prefix=/usr --mandir=/usr/share/man --infodir=/usr/share/info --with-bugurl=http://bugzilla.redhat.com/bugzilla --enable-bootstrap --enable-shared --enable-threads=posix --enable-checking=release --with-system-zlib --enable-__cxa_atexit --disable-libunwind-exceptions --enable-gnu-unique-object --enable-linker-build-id --with-linker-hash-style=gnu --enable-languages=c,c++,objc,obj-c++,java,fortran,ada,go,lto --enable-plugin --enable-initfini-array --disable-libgcj --with-isl=/builddir/build/BUILD/gcc-4.8.5-20150702/obj-x86_64-redhat-linux/isl-install --with-cloog=/builddir/build/BUILD/gcc-4.8.5-20150702/obj-x86_64-redhat-linux/cloog-install --enable-gnu-indirect-function --with-tune=generic --with-arch_32=x86-64 --build=x86_64-redhat-linux
Thread model: posix
gcc version 4.8.5 20150623 (Red Hat 4.8.5-16) (GCC) 
configure:1735: $? = 0
configure:1737: gcc -V </dev/null >&5
gcc: error: unrecognized command line option '-V'
gcc: fatal error: no input files
compilation terminated.
configure:1740: $? = 4
configure:1763: checking for C compiler default output file name
configure:1766: gcc -g -O2 -Wno-error   conftest.c  >&5
configure:1769: $? = 0
configure:1815: result: a.out
configure:1820: checking whether the C compiler works
configure:1826: ./a.out
configure:1829: $? = 0
configure:1846: result: yes
configure:1853: checking whether we are cross compiling
configure:1855: result: no
configure:1858: checking for suffix of executables
configure:1860: gcc -o conftest -g -O2 -Wno-error   conftest.c  >&5
configure:1863: $? = 0
configure:1888: result: 
configure:1894: checking for suffix of object files
configure:1940: result: o
configure:1944: checking whether we are using the GNU C compiler
configure:2000: result: yes
configure:2006: checking whether gcc accepts -g
configure:2057: result: yes
configure:2074: checking for gcc option to accept ANSI C
configure:2181: result: none needed
configure:2199: gcc -c -g -O2 -Wno-error  conftest.c >&5
conftest.c:2:3: error: unknown type name 'choke'
   choke me
   ^
conftest.c:2:3: error: expected '=', ',', ';', 'asm' or '__attribute__' at end of input
configure:2205: $? = 1
configure: failed program was:
| #ifndef __cplusplus
|   choke me
| #endif
configure:2398: checking compiler warning flags
configure:2424: gcc -c -g -O2 -Wno-error -Wimplicit  conftest.c >&5
configure:2430: $? = 0
configure:2434: test -z 
			 || test ! -s conftest.err
configure:2437: $? = 0
configure:2440: test -s conftest.o
configure:2443: $? = 0
configure:2424: gcc -c -g -O2 -Wno-error -Wreturn-type  conftest.c >&5
configure:2430: $? = 0
configure:2434: test -z 
			 || test ! -s conftest.err
configure:2437: $? = 0
configure:2440: test -s conftest.o
configure:2443: $? = 0
configure:2424: gcc -c -g -O2 -Wno-error -Wcomment  conftest.c >&5
configure:2430: $? = 0
configure:2434: test -z 
			 || test ! -s conftest.err
configure:2437: $? = 0
configure:2440: test -s conftest.o
configure:2443: $? = 0
configure:2424: gcc -c -g -O2 -Wno-error -Wtrigraphs  conftest.c >&5
configure:2430: $? = 0
configure:2434: test -z 
			 || test ! -s conftest.err
configure:2437: $? = 0
configure:2440: test -s conftest.o
configure:2443: $? = 0
configure:2424: gcc -c -g -O2 -Wno-error -Wformat  conftest.c >&5
configure:2430: $? = 0
configure:2434: test -z 
			 || test ! -s conftest.err
configure:2437: $? = 0
configure:2440: test -s conftest.o
configure:2443: $? = 0
configure:2424: gcc -c -g -O2 -Wno-error -Wparentheses  conftest.c >&5
configure:2430: $? = 0
configure:2434: test -z 
			 || test ! -s conftest.err
configure:2437: $? = 0
configure:2440: test -s conftest.o
configure:2443: $? = 0
configure:2424: gcc -c -g -O2 -Wno-error -Wpointer-arith  conftest.c >&5
configure:2430: $? = 0
configure:2434: test -z 
			 || test ! -s conftest.err
configure:2437: $? = 0
configure:2440: test -s conftest.o
configure:2443: $? = 0
configure:2424: gcc -c -g -O2 -Wno-error -Wuninitialized  conftest.c >&5
configure:2430: $? = 0
configure:2434: test -z 
			 || test ! -s conftest.err
configure:2437: $? = 0
configure:2440: test -s conftest.o
configure:2443: $? = 0
configure:2455: result:  -Wimplicit -Wreturn-type -Wcomment -Wtrigraphs -Wformat -Wparentheses -Wpointer-arith -Wuninitialized
configure:2484: checking build system type
configure:2502: result: x86_64-unknown-linux-gnu
configure:2510: checking host system type
configure:2524: result: x86_64-unknown-linux-gnu
configure:2532: checking target system type
configure:2546: result: mips-unknown-elf
configure:2584: checking how to run the C preprocessor
configure:2702: result: gcc -E
configure:2726: gcc -E  conftest.c
configure:2732: $? = 0
configure:2764: gcc -E  conftest.c
conftest.c:9:28: fatal error: ac_nonexistent.h: No such file or directory
 #include <ac_nonexistent.h>
                            ^
compilation terminated.
configure:2770: $? = 1
configure: failed program was:
| /* confdefs.h.  */
| 
| #define PACKAGE_NAME ""
| #define PACKAGE_TARNAME ""
| #define PACKAGE_VERSION ""
| #define PACKAGE_STRING ""
| #define PACKAGE_BUGREPORT ""
| /* end confdefs.h.  */
| #include <ac_nonexistent.h>
configure:2814: checking for egrep
configure:2824: result: grep -E
configure:2829: checking for ANSI C header files
configure:2985: result: yes
configure:3009: checking for sys/types.h
configure:3055: result: yes
configure:3009: checking for sys/stat.h
configure:3055: result: yes
configure:3009: checking for stdlib.h
configure:3055: result: yes
configure:3009: checking for string.h
configure:3055: result: yes
configure:3009: checking for memory.h
configure:3055: result: yes
configure:3009: checking for strings.h
configure:3055: result: yes
configure:3009: checking for inttypes.h
configure:3055: result: yes
configure:3009: checking for stdint.h
configure:3055: result: yes
configure:3009: checking for unistd.h
configure:3055: result: yes
configure:3077: checking for stdlib.h
configure:3082: result: yes
configure:3077: checking for string.h
configure:3082: result: yes
configure:3077: checking for strings.h
configure:3082: result: yes
configure:3077: checking for sys/stat.h
configure:3082: result: yes
configure:3077: checking for sys/types.h
configure:3082: result: yes
configure:3077: checking for unistd.h
configure:3082: result: yes
configure:3230: checking for dirent.h that defines DIR
configure:3254: gcc -c -g -O2 -Wno-error  conftest.c >&5
configure:3260: $? = 0
configure:3264: test -z 
			 || test ! -s conftest.err
configure:3267: $? = 0
configure:3270: test -s conftest.o
configure:3273: $? = 0
configure:3284: result: yes
configure:3297: checking for library containing opendir
configure:3327: gcc -o conftest -g -O2 -Wno-error   conftest.c  >&5
configure:3333: $? = 0
configure:3337: test -z 
			 || test ! -s conftest.err
configure:3340: $? = 0
configure:3343: test -s conftest
configure:3346: $? = 0
configure:3416: result: none required
configure:3565: checking for x86_64-unknown-linux-gnu-ranlib
configure:3591: result: ranlib
configure:3740: creating ./config.status

## ---------------------- ##
## Running config.status. ##
## ---------------------- ##

This file was extended by config.status, which was
generated by GNU Autoconf 2.59.  Invocation command line was

  CONFIG_FILES    = 
  CONFIG_HEADERS  = 
  CONFIG_LINKS    = 
  CONFIG_COMMANDS = 
  $ ./config.status 

on localhost.localdomain

config.status:697: creating Makefile
config.status:794: creating config.h
config.status:1068: executing default commands

## ---------------- ##
## Cache variables. ##
## ---------------- ##

ac_cv_build=x86_64-unknown-linux-gnu
ac_cv_build_alias=x86_64-unknown-linux-gnu
ac_cv_c_bigendian=no
ac_cv_c_compiler_gnu=yes
ac_cv_env_CC_set=set
ac_cv_env_CC_value=gcc
ac_cv_env_CFLAGS_set=set
ac_cv_env_CFLAGS_value='-g -O2 -Wno-error'
ac_cv_env_CPPFLAGS_set=
ac_cv_env_CPPFLAGS_value=
ac_cv_env_CPP_set=
ac_cv_env_CPP_value=
ac_cv_env_LDFLAGS_set=set
ac_cv_env_LDFLAGS_value=
ac_cv_env_build_alias_set=set
ac_cv_env_build_alias_value=x86_64-unknown-linux-gnu
ac_cv_env_host_alias_set=set
ac_cv_env_host_alias_value=x86_64-unknown-linux-gnu
ac_cv_env_target_alias_set=set
ac_cv_env_target_alias_value=mips-elf
ac_cv_exeext=
ac_cv_func___setfpucw=no
ac_cv_func_aint=no
ac_cv_func_anint=no
ac_cv_func_ftruncate=yes
ac_cv_func_getrusage=yes
ac_cv_func_lstat=yes
ac_cv_func_mmap=yes
ac_cv_func_munmap=yes
ac_cv_func_sigaction=yes
ac_cv_func_sqrt=yes
ac_cv_func_time=yes
ac_cv_func_truncate=yes
ac_cv_have_x=have_x=no
ac_cv_header_dirent_dirent_h=yes
ac_cv_header_dlfcn_h=yes
ac_cv_header_errno_h=yes
ac_cv_header_fcntl_h=yes
ac_cv_header_fpu_control_h=yes
ac_cv_header_inttypes_h=yes
ac_cv_header_memory_h=yes
ac_cv_header_stdc=yes
ac_cv_header_stdint_h=yes
ac_cv_header_stdlib_h=yes
ac_cv_header_string_h=yes
ac_cv_header_strings_h=yes
ac_cv_header_sys_mman_h=yes
ac_cv_header_sys_resource_h=yes
ac_cv_header_sys_stat_h=yes
ac_cv_header_sys_time_h=yes
ac_cv_header_sys_times_h=yes
ac_cv_header_sys_types_h=yes
ac_cv_header_time_h=yes
ac_cv_header_unistd_h=yes
ac_cv_host=x86_64-unknown-linux-gnu
ac_cv_host_alias=x86_64-unknown-linux-gnu
ac_cv_lib_m_fabs=yes
ac_cv_lib_nsl_gethostbyname=yes
ac_cv_lib_socket_bind=no
ac_cv_objext=o
ac_cv_prog_AR=ar
ac_cv_prog_CC=gcc
ac_cv_prog_CPP='gcc -E'
ac_cv_prog_RANLIB=ranlib
ac_cv_prog_cc_g=yes
ac_cv_prog_cc_stdc=
ac_cv_prog_egrep='grep -E'
ac_cv_search_opendir='none required'
ac_cv_target=mips-unknown-elf
ac_cv_target_alias=mips-elf
ac_cv_type_signal=void

## ----------------- ##
## Output variables. ##
## ----------------- ##

AR='ar'
AR_FLAGS_FOR_BUILD='$(AR_FLAGS)'
AR_FOR_BUILD='$(AR)'
CC='gcc'
CC_FOR_BUILD='$(CC)'
CFLAGS='-g -O2 -Wno-error'
CFLAGS_FOR_BUILD='$(CFLAGS)'
CPP='gcc -E'
CPPFLAGS=''
DEFS='-DHAVE_CONFIG_H'
ECHO_C=''
ECHO_N='-n'
ECHO_T=''
EGREP='grep -E'
EXEEXT=''
INSTALL_DATA='/usr/bin/install -c -m 644'
INSTALL_PROGRAM='/usr/bin/install -c'
INSTALL_SCRIPT='/usr/bin/install -c'
LDFLAGS=''
LIBIBERTY_LIB='../../libiberty/libiberty.a'
LIBOBJS=''
LIBS=''
LTLIBOBJS=''
OBJEXT='o'
PACKAGE_BUGREPORT=''
PACKAGE_NAME=''
PACKAGE_STRING=''
PACKAGE_TARNAME=''
PACKAGE_VERSION=''
PATH_SEPARATOR=':'
RANLIB='ranlib'
RANLIB_FOR_BUILD='$(RANLIB)'
SHELL='/bin/sh'
WARN_CFLAGS=' -Wimplicit -Wreturn-type -Wcomment -Wtrigraphs -Wformat -Wparentheses -Wpointer-arith -Wuninitialized'
WERROR_CFLAGS=''
ac_ct_CC=''
ac_ct_RANLIB=''
bindir='${exec_prefix}/bin'
build='x86_64-unknown-linux-gnu'
build_alias='x86_64-unknown-linux-gnu'
build_cpu='x86_64'
build_os='linux-gnu'
build_vendor='unknown'
datadir='${prefix}/share'
exec_prefix='${prefix}'
host='x86_64-unknown-linux-gnu'
host_alias='x86_64-unknown-linux-gnu'
host_cpu='x86_64'
host_os='linux-gnu'
host_vendor='unknown'
includedir='${prefix}/include'
infodir='${prefix}/info'
libdir='${exec_prefix}/lib'
libexecdir='${exec_prefix}/libexec'
localstatedir='${prefix}/var'
mandir='${prefix}/man'
oldincludedir='/usr/include'
prefix='/home/blakedonzac/cs161/tools'
program_transform_name='s,^,mips-elf-,;'
sbindir='${exec_prefix}/sbin'
sharedstatedir='${prefix}/com'
sim_alignment=''
sim_assert=''
sim_bitsize=''
sim_default_model=''
sim_endian=''
sim_environment=''
sim_float=''
sim_hostendian=''
sim_hw=''
sim_hw_cflags=''
sim_hw_objs=''
sim_inline=''
sim_packages=''
sim_regparm=''
sim_reserved_bits=''
sim_scache=''
sim_smp=''
sim_stdcall=''
sim_xor_endian=''
sysconfdir='${prefix}/etc'
target='mips-unknown-elf'
target_alias='mips-elf'
target_cpu='mips'
target_os='elf'
target_vendor='unknown'

## ----------- ##
## confdefs.h. ##
## ----------- ##

#define HAVE_DIRENT_H 1
#define HAVE_INTTYPES_H 1
#define HAVE_MEMORY_H 1
#define HAVE_STDINT_H 1
#define HAVE_STDLIB_H 1
#define HAVE_STDLIB_H 1
#define HAVE_STRINGS_H 1
#define HAVE_STRINGS_H 1
#define HAVE_STRING_H 1
#define HAVE_STRING_H 1
#define HAVE_SYS_STAT_H 1
#define HAVE_SYS_STAT_H 1
#define HAVE_SYS_TYPES_H 1
#define HAVE_SYS_TYPES_H 1
#define HAVE_UNISTD_H 1
#define HAVE_UNISTD_H 1
#define PACKAGE_BUGREPORT ""
#define PACKAGE_NAME ""
#define PACKAGE_STRING ""
#define PACKAGE_TARNAME ""
#define PACKAGE_VERSION ""
#define STDC_HEADERS 1

configure: exit 0
