This file contains any messages produced by compilers while
running configure, to aid debugging if configure makes a mistake.

It was created by configure, which was
generated by GNU Autoconf 2.59.  Invocation command line was

  $ /home/blakedonzac/cs161/cs161-gdb-1.5/gdb-6.6+cs161/bfd/configure --cache-file=./config.cache --build=x86_64-unknown-linux-gnu --host=x86_64-unknown-linux-gnu --target=mips-elf --with-stabs --prefix=/home/blakedonzac/cs161/tools --program-transform-name=s,^,mips-elf-,;  --srcdir=/home/blakedonzac/cs161/cs161-gdb-1.5/./gdb-6.6+cs161/bfd

## --------- ##
## Platform. ##
## --------- ##

hostname = localhost.localdomain
uname -m = x86_64
uname -r = 3.10.0-693.17.1.el7.x86_64
uname -s = Linux
uname -v = #1 SMP Thu Jan 25 20:13:58 UTC 2018

/usr/bin/uname -p = x86_64
/bin/uname -X     = unknown

/bin/arch              = x86_64
/usr/bin/arch -k       = unknown
/usr/convex/getsysinfo = unknown
hostinfo               = unknown
/bin/machine           = unknown
/usr/bin/oslevel       = unknown
/bin/universe          = unknown

PATH: /home/blakedonzac/cs161/bin
PATH: /home/blakedonzac/cs161
PATH: /home/blakedonzac/comp3500/project2
PATH: /home/blakedonzac/cs161
PATH: /home/blakedonzac/comp3500/project2
PATH: /usr/local/bin
PATH: /usr/local/sbin
PATH: /usr/bin
PATH: /usr/sbin
PATH: /bin
PATH: /sbin
PATH: /home/blakedonzac/.local/bin
PATH: /home/blakedonzac/bin
PATH: /home/blakedonzac/cs161/tools/bin


## ----------- ##
## Core tests. ##
## ----------- ##

configure:1244: creating cache ./config.cache
configure:1357: checking build system type
configure:1375: result: x86_64-unknown-linux-gnu
configure:1383: checking host system type
configure:1397: result: x86_64-unknown-linux-gnu
configure:1405: checking target system type
configure:1419: result: mips-unknown-elf
configure:1441: checking for x86_64-unknown-linux-gnu-gcc
configure:1467: result: gcc
configure:1749: checking for C compiler version
configure:1752: gcc --version </dev/null >&5
gcc (GCC) 4.8.5 20150623 (Red Hat 4.8.5-16)
Copyright (C) 2015 Free Software Foundation, Inc.
This is free software; see the source for copying conditions.  There is NO
warranty; not even for MERCHANTABILITY or FITNESS FOR A PARTICULAR PURPOSE.

configure:1755: $? = 0
configure:1757: gcc -v </dev/null >&5
Using built-in specs.
COLLECT_GCC=gcc
COLLECT_LTO_WRAPPER=/usr/libexec/gcc/x86_64-redhat-linux/4.8.5/lto-wrapper
Target: x86_64-redhat-linux
Configured with: ../configure --prefix=/usr --mandir=/usr/share/man --infodir=/usr/share/info --with-bugurl=http://bugzilla.redhat.com/bugzilla --enable-bootstrap --enable-shared --enable-threads=posix --enable-checking=release --with-system-zlib --enable-__cxa_atexit --disable-libunwind-exceptions --enable-gnu-unique-object --enable-linker-build-id --with-linker-hash-style=gnu --enable-languages=c,c++,objc,obj-c++,java,fortran,ada,go,lto --enable-plugin --enable-initfini-array --disable-libgcj --with-isl=/builddir/build/BUILD/gcc-4.8.5-20150702/obj-x86_64-redhat-linux/isl-install --with-cloog=/builddir/build/BUILD/gcc-4.8.5-20150702/obj-x86_64-redhat-linux/cloog-install --enable-gnu-indirect-function --with-tune=generic --with-arch_32=x86-64 --build=x86_64-redhat-linux
Thread model: posix
gcc version 4.8.5 20150623 (Red Hat 4.8.5-16) (GCC) 
configure:1760: $? = 0
configure:1762: gcc -V </dev/null >&5
gcc: error: unrecognized command line option '-V'
gcc: fatal error: no input files
compilation terminated.
configure:1765: $? = 4
configure:1788: checking for C compiler default output file name
configure:1791: gcc -g -O2 -Wno-error   conftest.c  >&5
configure:1794: $? = 0
configure:1840: result: a.out
configure:1845: checking whether the C compiler works
configure:1851: ./a.out
configure:1854: $? = 0
configure:1871: result: yes
configure:1878: checking whether we are cross compiling
configure:1880: result: no
configure:1883: checking for suffix of executables
configure:1885: gcc -o conftest -g -O2 -Wno-error   conftest.c  >&5
configure:1888: $? = 0
configure:1913: result: 
configure:1919: checking for suffix of object files
configure:1940: gcc -c -g -O2 -Wno-error  conftest.c >&5
configure:1943: $? = 0
configure:1965: result: o
configure:1969: checking whether we are using the GNU C compiler
configure:1993: gcc -c -g -O2 -Wno-error  conftest.c >&5
configure:1999: $? = 0
configure:2003: test -z 
			 || test ! -s conftest.err
configure:2006: $? = 0
configure:2009: test -s conftest.o
configure:2012: $? = 0
configure:2025: result: yes
configure:2031: checking whether gcc accepts -g
configure:2052: gcc -c -g  conftest.c >&5
configure:2058: $? = 0
configure:2062: test -z 
			 || test ! -s conftest.err
configure:2065: $? = 0
configure:2068: test -s conftest.o
configure:2071: $? = 0
configure:2082: result: yes
configure:2099: checking for gcc option to accept ANSI C
configure:2169: gcc  -c -g -O2 -Wno-error  conftest.c >&5
configure:2175: $? = 0
configure:2179: test -z 
			 || test ! -s conftest.err
configure:2182: $? = 0
configure:2185: test -s conftest.o
configure:2188: $? = 0
configure:2206: result: none needed
configure:2224: gcc -c -g -O2 -Wno-error  conftest.c >&5
conftest.c:2:3: error: unknown type name 'choke'
   choke me
   ^
conftest.c:2:3: error: expected '=', ',', ';', 'asm' or '__attribute__' at end of input
configure:2230: $? = 1
configure: failed program was:
| #ifndef __cplusplus
|   choke me
| #endif
configure:2364: checking for library containing strerror
configure:2394: gcc -o conftest -g -O2 -Wno-error   conftest.c  >&5
configure:2400: $? = 0
configure:2404: test -z 
			 || test ! -s conftest.err
configure:2407: $? = 0
configure:2410: test -s conftest
configure:2413: $? = 0
configure:2483: result: none required
configure:2505: checking for a BSD-compatible install
configure:2560: result: /usr/bin/install -c
configure:2571: checking whether build environment is sane
configure:2614: result: yes
configure:2679: checking for gawk
configure:2695: found /usr/bin/gawk
configure:2705: result: gawk
configure:2715: checking whether make sets $(MAKE)
configure:2735: result: yes
configure:2765: checking for style of include used by make
configure:2793: result: GNU
configure:2969: checking dependency style of gcc
configure:3059: result: none
configure:3081: checking for x86_64-unknown-linux-gnu-ar
configure:3107: result: ar
configure:3160: checking for x86_64-unknown-linux-gnu-ranlib
configure:3186: result: ranlib
configure:3316: checking for ld used by GCC
configure:3379: result: ld
configure:3388: checking if the linker (ld) is GNU ld
GNU ld version 2.25.1-32.base.el7_4.2 
configure:3400: result: yes
configure:3405: checking for ld option to reload object files
configure:3412: result: -r
configure:3417: checking for BSD-compatible nm
configure:3453: result: nm
configure:3456: checking whether ln -s works
configure:3460: result: yes
configure:3467: checking how to recognise dependant libraries
configure:3630: result: pass_all
configure:3641: checking the maximum length of command line arguments
configure:3696: result: none
configure:3843: checking for x86_64-unknown-linux-gnu-ranlib
configure:3869: result: ranlib
configure:3923: checking for x86_64-unknown-linux-gnu-strip
configure:3952: result: no
configure:3961: checking for strip
configure:3977: found /usr/bin/strip
configure:3988: result: strip
configure:4092: gcc -c -g -O2 -Wno-error  conftest.c >&5
configure:4095: $? = 0
configure:4291: loading cache ./config.cache
ce PIC
ltconfig:687:checking that gcc PIC flag -fPIC -DPIC works.
ltconfig:697: gcc -c -g -O2 -Wno-error -fPIC -DPIC -DPIC  conftest.c 1>&5
ltconfig:749: checking if gcc static flag -static works
ltconfig:758: gcc -o conftest -g -O2 -Wno-error   -static conftest.c  1>&5
/usr/bin/ld: cannot find -lc
collect2: error: ld returned 1 exit status
ltconfig:780: finding the maximum length of command line arguments
ltconfig:@lineno@: result: 49153
ltconfig:833: checking if gcc supports -c -o file.o
ltconfig:834: gcc -c -g -O2 -Wno-error -o out/conftest2.o  conftest.c 1>&5
ltconfig:887: checking if gcc supports -fno-rtti -fno-exceptions
ltconfig:888: gcc -c -g -O2 -Wno-error -fno-rtti -fno-exceptions -c conftest.c  conftest.c 1>&5
ltconfig:1431: checking if global_symbol_pipe works
ltconfig:1432: gcc -c -g -O2 -Wno-error  conftest.c 1>&5
ltconfig:1435: eval "nm conftest.o | sed -n -e 's/^.*[ 	]\([ABCDGISTW][ABCDGISTW]*\)[ 	][ 	]*\(\)\([_A-Za-z][_A-Za-z0-9]*\)$/\1 \2\3 \3/p' > conftest.nm"
ltconfig:1487: gcc -o conftest -g -O2 -Wno-error -fno-builtin   conftest.c conftstm.o 1>&5
configure:4451: checking whether to enable maintainer-specific portions of Makefiles
configure:4460: result: no
configure:4490: checking whether to install libbfd
configure:4503: result: no
configure:4547: checking for x86_64-unknown-linux-gnu-gcc
configure:4573: result: gcc
configure:4855: checking for C compiler version
configure:4858: gcc --version </dev/null >&5
gcc (GCC) 4.8.5 20150623 (Red Hat 4.8.5-16)
Copyright (C) 2015 Free Software Foundation, Inc.
This is free software; see the source for copying conditions.  There is NO
warranty; not even for MERCHANTABILITY or FITNESS FOR A PARTICULAR PURPOSE.

configure:4861: $? = 0
configure:4863: gcc -v </dev/null >&5
Using built-in specs.
COLLECT_GCC=gcc
COLLECT_LTO_WRAPPER=/usr/libexec/gcc/x86_64-redhat-linux/4.8.5/lto-wrapper
Target: x86_64-redhat-linux
Configured with: ../configure --prefix=/usr --mandir=/usr/share/man --infodir=/usr/share/info --with-bugurl=http://bugzilla.redhat.com/bugzilla --enable-bootstrap --enable-shared --enable-threads=posix --enable-checking=release --with-system-zlib --enable-__cxa_atexit --disable-libunwind-exceptions --enable-gnu-unique-object --enable-linker-build-id --with-linker-hash-style=gnu --enable-languages=c,c++,objc,obj-c++,java,fortran,ada,go,lto --enable-plugin --enable-initfini-array --disable-libgcj --with-isl=/builddir/build/BUILD/gcc-4.8.5-20150702/obj-x86_64-redhat-linux/isl-install --with-cloog=/builddir/build/BUILD/gcc-4.8.5-20150702/obj-x86_64-redhat-linux/cloog-install --enable-gnu-indirect-function --with-tune=generic --with-arch_32=x86-64 --build=x86_64-redhat-linux
Thread model: posix
gcc version 4.8.5 20150623 (Red Hat 4.8.5-16) (GCC) 
configure:4866: $? = 0
configure:4868: gcc -V </dev/null >&5
gcc: error: unrecognized command line option '-V'
gcc: fatal error: no input files
compilation terminated.
configure:4871: $? = 4
configure:4874: checking whether we are using the GNU C compiler
configure:4930: result: yes
configure:4936: checking whether gcc accepts -g
configure:4987: result: yes
configure:5004: checking for gcc option to accept ANSI C
configure:5111: result: none needed
configure:5129: gcc -c -g -O2 -Wno-error  conftest.c >&5
conftest.c:2:3: error: unknown type name 'choke'
   choke me
   ^
conftest.c:2:3: error: expected '=', ',', ';', 'asm' or '__attribute__' at end of input
configure:5135: $? = 1
configure: failed program was:
| #ifndef __cplusplus
|   choke me
| #endif
configure:5289: checking whether NLS is requested
configure:5295: result: yes
configure:5303: checking for catalogs to be installed
configure:5335: result:  da es fr ja ro rw sv tr vi zh_CN da es fr ja ro rw sv tr vi zh_CN
configure:5362: checking whether NLS is requested
configure:5371: result: yes
configure:5409: checking for msgfmt
configure:5440: result: /usr/bin/msgfmt
configure:5449: checking for gmsgfmt
configure:5480: result: /usr/bin/msgfmt
configure:5519: checking for xgettext
configure:5550: result: /usr/bin/xgettext
configure:5590: checking for msgmerge
configure:5620: result: /usr/bin/msgmerge
configure:5673: checking for a BSD-compatible install
configure:5728: result: /usr/bin/install -c
configure:5746: checking for long long
configure:5767: gcc -c -g -O2 -Wno-error  conftest.c >&5
configure:5773: $? = 0
configure:5777: test -z 
			 || test ! -s conftest.err
configure:5780: $? = 0
configure:5783: test -s conftest.o
configure:5786: $? = 0
configure:5798: result: yes
configure:5807: checking how to run the C preprocessor
configure:5842: gcc -E  conftest.c
configure:5848: $? = 0
configure:5880: gcc -E  conftest.c
conftest.c:13:28: fatal error: ac_nonexistent.h: No such file or directory
 #include <ac_nonexistent.h>
                            ^
compilation terminated.
configure:5886: $? = 1
configure: failed program was:
| /* confdefs.h.  */
| 
| #define PACKAGE_NAME ""
| #define PACKAGE_TARNAME ""
| #define PACKAGE_VERSION ""
| #define PACKAGE_STRING ""
| #define PACKAGE_BUGREPORT ""
| #define PACKAGE "bfd"
| #define VERSION "2.17.50"
| #define _GNU_SOURCE 1
| #define ENABLE_NLS 1
| /* end confdefs.h.  */
| #include <ac_nonexistent.h>
configure:5925: result: gcc -E
configure:5949: gcc -E  conftest.c
configure:5955: $? = 0
configure:5987: gcc -E  conftest.c
conftest.c:13:28: fatal error: ac_nonexistent.h: No such file or directory
 #include <ac_nonexistent.h>
                            ^
compilation terminated.
configure:5993: $? = 1
configure: failed program was:
| /* confdefs.h.  */
| 
| #define PACKAGE_NAME ""
| #define PACKAGE_TARNAME ""
| #define PACKAGE_VERSION ""
| #define PACKAGE_STRING ""
| #define PACKAGE_BUGREPORT ""
| #define PACKAGE "bfd"
| #define VERSION "2.17.50"
| #define _GNU_SOURCE 1
| #define ENABLE_NLS 1
| /* end confdefs.h.  */
| #include <ac_nonexistent.h>
configure:6037: checking for egrep
configure:6047: result: grep -E
configure:6052: checking for ANSI C header files
configure:6077: gcc -c -g -O2 -Wno-error  conftest.c >&5
configure:6083: $? = 0
configure:6087: test -z 
			 || test ! -s conftest.err
configure:6090: $? = 0
configure:6093: test -s conftest.o
configure:6096: $? = 0
configure:6185: gcc -o conftest -g -O2 -Wno-error   conftest.c  >&5
conftest.c: In function 'main':
conftest.c:30:7: warning: incompatible implicit declaration of built-in function 'exit' [enabled by default]
       exit(2);
       ^
configure:6188: $? = 0
configure:6190: ./conftest
configure:6193: $? = 0
configure:6208: result: yes
configure:6232: checking for sys/types.h
configure:6248: gcc -c -g -O2 -Wno-error  conftest.c >&5
configure:6254: $? = 0
configure:6258: test -z 
			 || test ! -s conftest.err
configure:6261: $? = 0
configure:6264: test -s conftest.o
configure:6267: $? = 0
configure:6278: result: yes
configure:6232: checking for sys/stat.h
configure:6248: gcc -c -g -O2 -Wno-error  conftest.c >&5
configure:6254: $? = 0
configure:6258: test -z 
			 || test ! -s conftest.err
configure:6261: $? = 0
configure:6264: test -s conftest.o
configure:6267: $? = 0
configure:6278: result: yes
configure:6232: checking for stdlib.h
configure:6248: gcc -c -g -O2 -Wno-error  conftest.c >&5
configure:6254: $? = 0
configure:6258: test -z 
			 || test ! -s conftest.err
configure:6261: $? = 0
configure:6264: test -s conftest.o
configure:6267: $? = 0
configure:6278: result: yes
configure:6232: checking for string.h
configure:6248: gcc -c -g -O2 -Wno-error  conftest.c >&5
configure:6254: $? = 0
configure:6258: test -z 
			 || test ! -s conftest.err
configure:6261: $? = 0
configure:6264: test -s conftest.o
configure:6267: $? = 0
configure:6278: result: yes
configure:6232: checking for memory.h
configure:6248: gcc -c -g -O2 -Wno-error  conftest.c >&5
configure:6254: $? = 0
configure:6258: test -z 
			 || test ! -s conftest.err
configure:6261: $? = 0
configure:6264: test -s conftest.o
configure:6267: $? = 0
configure:6278: result: yes
configure:6232: checking for strings.h
configure:6248: gcc -c -g -O2 -Wno-error  conftest.c >&5
configure:6254: $? = 0
configure:6258: test -z 
			 || test ! -s conftest.err
configure:6261: $? = 0
configure:6264: test -s conftest.o
configure:6267: $? = 0
configure:6278: result: yes
configure:6232: checking for inttypes.h
configure:6248: gcc -c -g -O2 -Wno-error  conftest.c >&5
configure:6254: $? = 0
configure:6258: test -z 
			 || test ! -s conftest.err
configure:6261: $? = 0
configure:6264: test -s conftest.o
configure:6267: $? = 0
configure:6278: result: yes
configure:6232: checking for stdint.h
configure:6248: gcc -c -g -O2 -Wno-error  conftest.c >&5
configure:6254: $? = 0
configure:6258: test -z 
			 || test ! -s conftest.err
configure:6261: $? = 0
configure:6264: test -s conftest.o
configure:6267: $? = 0
configure:6278: result: yes
configure:6232: checking for unistd.h
configure:6248: gcc -c -g -O2 -Wno-error  conftest.c >&5
configure:6254: $? = 0
configure:6258: test -z 
			 || test ! -s conftest.err
configure:6261: $? = 0
configure:6264: test -s conftest.o
configure:6267: $? = 0
configure:6278: result: yes
configure:6290: checking for long long
configure:6314: gcc -c -g -O2 -Wno-error  conftest.c >&5
configure:6320: $? = 0
configure:6324: test -z 
			 || test ! -s conftest.err
configure:6327: $? = 0
configure:6330: test -s conftest.o
configure:6333: $? = 0
configure:6344: result: yes
configure:6347: checking size of long long
configure:6666: gcc -o conftest -g -O2 -Wno-error   conftest.c  >&5
configure:6669: $? = 0
configure:6671: ./conftest
configure:6674: $? = 0
configure:6697: result: 8
configure:6706: checking for long
configure:6730: gcc -c -g -O2 -Wno-error  conftest.c >&5
configure:6736: $? = 0
configure:6740: test -z 
			 || test ! -s conftest.err
configure:6743: $? = 0
configure:6746: test -s conftest.o
configure:6749: $? = 0
configure:6760: result: yes
configure:6763: checking size of long
configure:7082: gcc -o conftest -g -O2 -Wno-error   conftest.c  >&5
configure:7085: $? = 0
configure:7087: ./conftest
configure:7090: $? = 0
configure:7113: result: 8
configure:7199: checking stddef.h usability
configure:7211: gcc -c -g -O2 -Wno-error  conftest.c >&5
configure:7217: $? = 0
configure:7221: test -z 
			 || test ! -s conftest.err
configure:7224: $? = 0
configure:7227: test -s conftest.o
configure:7230: $? = 0
configure:7240: result: yes
configure:7244: checking stddef.h presence
configure:7254: gcc -E  conftest.c
configure:7260: $? = 0
configure:7280: result: yes
configure:7315: checking for stddef.h
configure:7322: result: yes
configure:7190: checking for string.h
configure:7195: result: yes
configure:7190: checking for strings.h
configure:7195: result: yes
configure:7190: checking for stdlib.h
configure:7195: result: yes
configure:7199: checking time.h usability
configure:7211: gcc -c -g -O2 -Wno-error  conftest.c >&5
configure:7217: $? = 0
configure:7221: test -z 
			 || test ! -s conftest.err
configure:7224: $? = 0
configure:7227: test -s conftest.o
configure:7230: $? = 0
configure:7240: result: yes
configure:7244: checking time.h presence
configure:7254: gcc -E  conftest.c
configure:7260: $? = 0
configure:7280: result: yes
configure:7315: checking for time.h
configure:7322: result: yes
configure:7190: checking for unistd.h
configure:7195: result: yes
configure:7351: checking fcntl.h usability
configure:7363: gcc -c -g -O2 -Wno-error  conftest.c >&5
configure:7369: $? = 0
configure:7373: test -z 
			 || test ! -s conftest.err
configure:7376: $? = 0
configure:7379: test -s conftest.o
configure:7382: $? = 0
configure:7392: result: yes
configure:7396: checking fcntl.h presence
configure:7406: gcc -E  conftest.c
configure:7412: $? = 0
configure:7432: result: yes
configure:7467: checking for fcntl.h
configure:7474: result: yes
configure:7351: checking sys/file.h usability
configure:7363: gcc -c -g -O2 -Wno-error  conftest.c >&5
configure:7369: $? = 0
configure:7373: test -z 
			 || test ! -s conftest.err
configure:7376: $? = 0
configure:7379: test -s conftest.o
configure:7382: $? = 0
configure:7392: result: yes
configure:7396: checking sys/file.h presence
configure:7406: gcc -E  conftest.c
configure:7412: $? = 0
configure:7432: result: yes
configure:7467: checking for sys/file.h
configure:7474: result: yes
configure:7351: checking sys/time.h usability
configure:7363: gcc -c -g -O2 -Wno-error  conftest.c >&5
configure:7369: $? = 0
configure:7373: test -z 
			 || test ! -s conftest.err
configure:7376: $? = 0
configure:7379: test -s conftest.o
configure:7382: $? = 0
configure:7392: result: yes
configure:7396: checking sys/time.h presence
configure:7406: gcc -E  conftest.c
configure:7412: $? = 0
configure:7432: result: yes
configure:7467: checking for sys/time.h
configure:7474: result: yes
configure:7487: checking whether time.h and sys/time.h may both be included
configure:7512: gcc -c -g -O2 -Wno-error  conftest.c >&5
configure:7518: $? = 0
configure:7522: test -z 
			 || test ! -s conftest.err
configure:7525: $? = 0
configure:7528: test -s conftest.o
configure:7531: $? = 0
configure:7542: result: yes
configure:7560: checking for dirent.h that defines DIR
configure:7584: gcc -c -g -O2 -Wno-error  conftest.c >&5
configure:7590: $? = 0
configure:7594: test -z 
			 || test ! -s conftest.err
configure:7597: $? = 0
configure:7600: test -s conftest.o
configure:7603: $? = 0
configure:7614: result: yes
configure:7627: checking for library containing opendir
configure:7657: gcc -o conftest -g -O2 -Wno-error   conftest.c  >&5
configure:7663: $? = 0
configure:7667: test -z 
			 || test ! -s conftest.err
configure:7670: $? = 0
configure:7673: test -s conftest
configure:7676: $? = 0
configure:7746: result: none required
configure:7882: checking whether string.h and strings.h may both be included
configure:7904: gcc -c -g -O2 -Wno-error  conftest.c >&5
configure:7910: $? = 0
configure:7914: test -z 
			 || test ! -s conftest.err
configure:7917: $? = 0
configure:7920: test -s conftest.o
configure:7923: $? = 0
configure:7934: result: yes
configure:7954: checking for fcntl
configure:8011: gcc -o conftest -g -O2 -Wno-error   conftest.c  >&5
configure:8017: $? = 0
configure:8021: test -z 
			 || test ! -s conftest.err
configure:8024: $? = 0
configure:8027: test -s conftest
configure:8030: $? = 0
configure:8042: result: yes
configure:7954: checking for getpagesize
configure:8011: gcc -o conftest -g -O2 -Wno-error   conftest.c  >&5
configure:8017: $? = 0
configure:8021: test -z 
			 || test ! -s conftest.err
configure:8024: $? = 0
configure:8027: test -s conftest
configure:8030: $? = 0
configure:8042: result: yes
configure:7954: checking for setitimer
configure:8011: gcc -o conftest -g -O2 -Wno-error   conftest.c  >&5
configure:8017: $? = 0
configure:8021: test -z 
			 || test ! -s conftest.err
configure:8024: $? = 0
configure:8027: test -s conftest
configure:8030: $? = 0
configure:8042: result: yes
configure:7954: checking for sysconf
configure:8011: gcc -o conftest -g -O2 -Wno-error   conftest.c  >&5
configure:8017: $? = 0
configure:8021: test -z 
			 || test ! -s conftest.err
configure:8024: $? = 0
configure:8027: test -s conftest
configure:8030: $? = 0
configure:8042: result: yes
configure:7954: checking for fdopen
configure:8011: gcc -o conftest -g -O2 -Wno-error   conftest.c  >&5
configure:8017: $? = 0
configure:8021: test -z 
			 || test ! -s conftest.err
configure:8024: $? = 0
configure:8027: test -s conftest
configure:8030: $? = 0
configure:8042: result: yes
configure:7954: checking for getuid
configure:8011: gcc -o conftest -g -O2 -Wno-error   conftest.c  >&5
configure:8017: $? = 0
configure:8021: test -z 
			 || test ! -s conftest.err
configure:8024: $? = 0
configure:8027: test -s conftest
configure:8030: $? = 0
configure:8042: result: yes
configure:7954: checking for getgid
configure:8011: gcc -o conftest -g -O2 -Wno-error   conftest.c  >&5
configure:8017: $? = 0
configure:8021: test -z 
			 || test ! -s conftest.err
configure:8024: $? = 0
configure:8027: test -s conftest
configure:8030: $? = 0
configure:8042: result: yes
configure:8056: checking for strtoull
configure:8113: gcc -o conftest -g -O2 -Wno-error   conftest.c  >&5
configure:8119: $? = 0
configure:8123: test -z 
			 || test ! -s conftest.err
configure:8126: $? = 0
configure:8129: test -s conftest
configure:8132: $? = 0
configure:8144: result: yes
configure:8155: checking whether basename is declared
configure:8179: gcc -c -g -O2 -Wno-error  conftest.c >&5
configure:8185: $? = 0
configure:8189: test -z 
			 || test ! -s conftest.err
configure:8192: $? = 0
configure:8195: test -s conftest.o
configure:8198: $? = 0
configure:8209: result: yes
configure:8227: checking whether ftello is declared
configure:8251: gcc -c -g -O2 -Wno-error  conftest.c >&5
configure:8257: $? = 0
configure:8261: test -z 
			 || test ! -s conftest.err
configure:8264: $? = 0
configure:8267: test -s conftest.o
configure:8270: $? = 0
configure:8281: result: yes
configure:8299: checking whether ftello64 is declared
configure:8323: gcc -c -g -O2 -Wno-error  conftest.c >&5
configure:8329: $? = 0
configure:8333: test -z 
			 || test ! -s conftest.err
configure:8336: $? = 0
configure:8339: test -s conftest.o
configure:8342: $? = 0
configure:8353: result: yes
configure:8371: checking whether fseeko is declared
configure:8395: gcc -c -g -O2 -Wno-error  conftest.c >&5
configure:8401: $? = 0
configure:8405: test -z 
			 || test ! -s conftest.err
configure:8408: $? = 0
configure:8411: test -s conftest.o
configure:8414: $? = 0
configure:8425: result: yes
configure:8443: checking whether fseeko64 is declared
configure:8467: gcc -c -g -O2 -Wno-error  conftest.c >&5
configure:8473: $? = 0
configure:8477: test -z 
			 || test ! -s conftest.err
configure:8480: $? = 0
configure:8483: test -s conftest.o
configure:8486: $? = 0
configure:8497: result: yes
configure:8526: checking whether ffs is declared
configure:8550: gcc -c -g -O2 -Wno-error  conftest.c >&5
configure:8556: $? = 0
configure:8560: test -z 
			 || test ! -s conftest.err
configure:8563: $? = 0
configure:8566: test -s conftest.o
configure:8569: $? = 0
configure:8580: result: yes
configure:8598: checking whether free is declared
configure:8622: gcc -c -g -O2 -Wno-error  conftest.c >&5
configure:8628: $? = 0
configure:8632: test -z 
			 || test ! -s conftest.err
configure:8635: $? = 0
configure:8638: test -s conftest.o
configure:8641: $? = 0
configure:8652: result: yes
configure:8670: checking whether getenv is declared
configure:8694: gcc -c -g -O2 -Wno-error  conftest.c >&5
configure:8700: $? = 0
configure:8704: test -z 
			 || test ! -s conftest.err
configure:8707: $? = 0
configure:8710: test -s conftest.o
configure:8713: $? = 0
configure:8724: result: yes
configure:8742: checking whether malloc is declared
configure:8766: gcc -c -g -O2 -Wno-error  conftest.c >&5
configure:8772: $? = 0
configure:8776: test -z 
			 || test ! -s conftest.err
configure:8779: $? = 0
configure:8782: test -s conftest.o
configure:8785: $? = 0
configure:8796: result: yes
configure:8814: checking whether realloc is declared
configure:8838: gcc -c -g -O2 -Wno-error  conftest.c >&5
configure:8844: $? = 0
configure:8848: test -z 
			 || test ! -s conftest.err
configure:8851: $? = 0
configure:8854: test -s conftest.o
configure:8857: $? = 0
configure:8868: result: yes
configure:8886: checking whether stpcpy is declared
configure:8910: gcc -c -g -O2 -Wno-error  conftest.c >&5
configure:8916: $? = 0
configure:8920: test -z 
			 || test ! -s conftest.err
configure:8923: $? = 0
configure:8926: test -s conftest.o
configure:8929: $? = 0
configure:8940: result: yes
configure:8958: checking whether strstr is declared
configure:8982: gcc -c -g -O2 -Wno-error  conftest.c >&5
configure:8988: $? = 0
configure:8992: test -z 
			 || test ! -s conftest.err
configure:8995: $? = 0
configure:8998: test -s conftest.o
configure:9001: $? = 0
configure:9012: result: yes
configure:9030: checking whether snprintf is declared
configure:9054: gcc -c -g -O2 -Wno-error  conftest.c >&5
configure:9060: $? = 0
configure:9064: test -z 
			 || test ! -s conftest.err
configure:9067: $? = 0
configure:9070: test -s conftest.o
configure:9073: $? = 0
configure:9084: result: yes
configure:9102: checking whether vsnprintf is declared
configure:9126: gcc -c -g -O2 -Wno-error  conftest.c >&5
configure:9132: $? = 0
configure:9136: test -z 
			 || test ! -s conftest.err
configure:9139: $? = 0
configure:9142: test -s conftest.o
configure:9145: $? = 0
configure:9156: result: yes
configure:11132: checking for gcc version with buggy 64-bit support
configure:11149: result: no
configure:11188: checking for ftello
configure:11245: gcc -o conftest -g -O2 -Wno-error   conftest.c  >&5
configure:11251: $? = 0
configure:11255: test -z 
			 || test ! -s conftest.err
configure:11258: $? = 0
configure:11261: test -s conftest
configure:11264: $? = 0
configure:11276: result: yes
configure:11188: checking for ftello64
configure:11245: gcc -o conftest -g -O2 -Wno-error   conftest.c  >&5
configure:11251: $? = 0
configure:11255: test -z 
			 || test ! -s conftest.err
configure:11258: $? = 0
configure:11261: test -s conftest
configure:11264: $? = 0
configure:11276: result: yes
configure:11188: checking for fseeko
configure:11245: gcc -o conftest -g -O2 -Wno-error   conftest.c  >&5
configure:11251: $? = 0
configure:11255: test -z 
			 || test ! -s conftest.err
configure:11258: $? = 0
configure:11261: test -s conftest
configure:11264: $? = 0
configure:11276: result: yes
configure:11188: checking for fseeko64
configure:11245: gcc -o conftest -g -O2 -Wno-error   conftest.c  >&5
configure:11251: $? = 0
configure:11255: test -z 
			 || test ! -s conftest.err
configure:11258: $? = 0
configure:11261: test -s conftest
configure:11264: $? = 0
configure:11276: result: yes
configure:11188: checking for fopen64
configure:11245: gcc -o conftest -g -O2 -Wno-error   conftest.c  >&5
configure:11251: $? = 0
configure:11255: test -z 
			 || test ! -s conftest.err
configure:11258: $? = 0
configure:11261: test -s conftest
configure:11264: $? = 0
configure:11276: result: yes
configure:11287: checking for off_t
configure:11311: gcc -c -g -O2 -Wno-error  conftest.c >&5
configure:11317: $? = 0
configure:11321: test -z 
			 || test ! -s conftest.err
configure:11324: $? = 0
configure:11327: test -s conftest.o
configure:11330: $? = 0
configure:11341: result: yes
configure:11344: checking size of off_t
configure:11663: gcc -o conftest -g -O2 -Wno-error   conftest.c  >&5
configure:11666: $? = 0
configure:11668: ./conftest
configure:11671: $? = 0
configure:11694: result: 8
configure:11702: checking file_ptr type
configure:11711: result: BFD_HOST_64_BIT
configure:11731: checking for stdlib.h
configure:11736: result: yes
configure:11731: checking for unistd.h
configure:11736: result: yes
configure:11880: checking for getpagesize
configure:11968: result: yes
configure:11978: checking for working mmap
configure:12120: gcc -o conftest -g -O2 -Wno-error   conftest.c  >&5
configure:12123: $? = 0
configure:12125: ./conftest
configure:12128: $? = 0
configure:12142: result: yes
configure:12158: checking for madvise
configure:12215: gcc -o conftest -g -O2 -Wno-error   conftest.c  >&5
configure:12221: $? = 0
configure:12225: test -z 
			 || test ! -s conftest.err
configure:12228: $? = 0
configure:12231: test -s conftest
configure:12234: $? = 0
configure:12246: result: yes
configure:12158: checking for mprotect
configure:12215: gcc -o conftest -g -O2 -Wno-error   conftest.c  >&5
configure:12221: $? = 0
configure:12225: test -z 
			 || test ! -s conftest.err
configure:12228: $? = 0
configure:12231: test -s conftest
configure:12234: $? = 0
configure:12246: result: yes
configure:12398: creating ./config.status

## ---------------------- ##
## Running config.status. ##
## ---------------------- ##

This file was extended by config.status, which was
generated by GNU Autoconf 2.59.  Invocation command line was

  CONFIG_FILES    = 
  CONFIG_HEADERS  = 
  CONFIG_LINKS    = 
  CONFIG_COMMANDS = 
  $ ./config.status 

on localhost.localdomain

config.status:771: creating Makefile
config.status:771: creating doc/Makefile
config.status:771: creating bfd-in3.h
config.status:771: creating po/Makefile.in
config.status:868: creating config.h
config.status:1092: config.h is unchanged
config.status:1272: executing depfiles commands
config.status:1272: executing default-1 commands
config.status:1272: executing default commands

## ---------------- ##
## Cache variables. ##
## ---------------- ##

ac_cv_archive_cmds_needs_lc=yes
ac_cv_build=x86_64-unknown-linux-gnu
ac_cv_build_alias=x86_64-unknown-linux-gnu
ac_cv_c_compiler_gnu=yes
ac_cv_env_CC_set=set
ac_cv_env_CC_value=gcc
ac_cv_env_CFLAGS_set=set
ac_cv_env_CFLAGS_value='-g -O2 -Wno-error'
ac_cv_env_CPPFLAGS_set=
ac_cv_env_CPPFLAGS_value=
ac_cv_env_CPP_set=
ac_cv_env_CPP_value=
ac_cv_env_LDFLAGS_set=set
ac_cv_env_LDFLAGS_value=
ac_cv_env_build_alias_set=set
ac_cv_env_build_alias_value=x86_64-unknown-linux-gnu
ac_cv_env_host_alias_set=set
ac_cv_env_host_alias_value=x86_64-unknown-linux-gnu
ac_cv_env_target_alias_set=set
ac_cv_env_target_alias_value=mips-elf
ac_cv_exeext=
ac_cv_func_fcntl=yes
ac_cv_func_fdopen=yes
ac_cv_func_fopen64=yes
ac_cv_func_fseeko=yes
ac_cv_func_fseeko64=yes
ac_cv_func_ftello=yes
ac_cv_func_ftello64=yes
ac_cv_func_getgid=yes
ac_cv_func_getpagesize=yes
ac_cv_func_getuid=yes
ac_cv_func_madvise=yes
ac_cv_func_mmap_fixed_mapped=yes
ac_cv_func_mprotect=yes
ac_cv_func_setitimer=yes
ac_cv_func_strtoull=yes
ac_cv_func_sysconf=yes
ac_cv_have_decl_basename=yes
ac_cv_have_decl_ffs=yes
ac_cv_have_decl_free=yes
ac_cv_have_decl_fseeko=yes
ac_cv_have_decl_fseeko64=yes
ac_cv_have_decl_ftello=yes
ac_cv_have_decl_ftello64=yes
ac_cv_have_decl_getenv=yes
ac_cv_have_decl_malloc=yes
ac_cv_have_decl_realloc=yes
ac_cv_have_decl_snprintf=yes
ac_cv_have_decl_stpcpy=yes
ac_cv_have_decl_strstr=yes
ac_cv_have_decl_vsnprintf=yes
ac_cv_header_dirent_dirent_h=yes
ac_cv_header_fcntl_h=yes
ac_cv_header_inttypes_h=yes
ac_cv_header_memory_h=yes
ac_cv_header_stdc=yes
ac_cv_header_stddef_h=yes
ac_cv_header_stdint_h=yes
ac_cv_header_stdlib_h=yes
ac_cv_header_string_h=yes
ac_cv_header_strings_h=yes
ac_cv_header_sys_file_h=yes
ac_cv_header_sys_stat_h=yes
ac_cv_header_sys_time_h=yes
ac_cv_header_sys_types_h=yes
ac_cv_header_time=yes
ac_cv_header_time_h=yes
ac_cv_header_unistd_h=yes
ac_cv_host=x86_64-unknown-linux-gnu
ac_cv_host_alias=x86_64-unknown-linux-gnu
ac_cv_objext=o
ac_cv_path_GMSGFMT=/usr/bin/msgfmt
ac_cv_path_MSGFMT=/usr/bin/msgfmt
ac_cv_path_MSGMERGE=/usr/bin/msgmerge
ac_cv_path_XGETTEXT=/usr/bin/xgettext
ac_cv_prog_AR=ar
ac_cv_prog_AWK=gawk
ac_cv_prog_CC=gcc
ac_cv_prog_CPP='gcc -E'
ac_cv_prog_RANLIB=ranlib
ac_cv_prog_ac_ct_STRIP=strip
ac_cv_prog_cc_can_build_shared=yes
ac_cv_prog_cc_g=yes
ac_cv_prog_cc_no_builtin=
ac_cv_prog_cc_pic=' -fPIC -DPIC'
ac_cv_prog_cc_pic_works=yes
ac_cv_prog_cc_shlib=
ac_cv_prog_cc_static=
ac_cv_prog_cc_static_works=no
ac_cv_prog_cc_stdc=
ac_cv_prog_cc_wl=-Wl,
ac_cv_prog_egrep='grep -E'
ac_cv_prog_make_make_set=yes
ac_cv_search_opendir='none required'
ac_cv_search_strerror='none required'
ac_cv_sizeof_long=8
ac_cv_sizeof_long_long=8
ac_cv_sizeof_off_t=8
ac_cv_target=mips-unknown-elf
ac_cv_target_alias=mips-elf
ac_cv_type_long=yes
ac_cv_type_long_long=yes
ac_cv_type_off_t=yes
am_cv_CC_dependencies_compiler_type=none
bfd_cv_has_long_long=yes
gcc_cv_header_string=yes
lt_cv_compiler_c_o=yes
lt_cv_deplibs_check_method=pass_all
lt_cv_file_magic_cmd='$MAGIC_CMD'
lt_cv_file_magic_test_file=
lt_cv_ld_reload_flag=-r
lt_cv_path_LD=ld
lt_cv_path_NM=nm
lt_cv_prog_gnu_ld=yes
lt_cv_sys_max_cmd_len=49153

## ----------------- ##
## Output variables. ##
## ----------------- ##

ACLOCAL='${SHELL} /home/blakedonzac/cs161/cs161-gdb-1.5/gdb-6.6+cs161/missing --run aclocal-1.9'
AMDEPBACKSLASH='\'
AMDEP_FALSE='#'
AMDEP_TRUE=''
AMTAR='${SHELL} /home/blakedonzac/cs161/cs161-gdb-1.5/gdb-6.6+cs161/missing --run tar'
AR='ar'
AUTOCONF='${SHELL} /home/blakedonzac/cs161/cs161-gdb-1.5/gdb-6.6+cs161/missing --run autoconf'
AUTOHEADER='${SHELL} /home/blakedonzac/cs161/cs161-gdb-1.5/gdb-6.6+cs161/missing --run autoheader'
AUTOMAKE='${SHELL} /home/blakedonzac/cs161/cs161-gdb-1.5/gdb-6.6+cs161/missing --run automake-1.9'
AWK='gawk'
BFD_HOST_64BIT_LONG='1'
BFD_HOST_64_BIT='long'
BFD_HOST_64_BIT_DEFINED='1'
BFD_HOST_LONG_LONG='1'
BFD_HOST_U_64_BIT='unsigned long'
CATALOGS=' da.gmo es.gmo fr.gmo ja.gmo ro.gmo rw.gmo sv.gmo tr.gmo vi.gmo zh_CN.gmo da.gmo es.gmo fr.gmo ja.gmo ro.gmo rw.gmo sv.gmo tr.gmo vi.gmo zh_CN.gmo'
CATOBJEXT='.gmo'
CC='gcc'
CCDEPMODE='depmode=none'
CC_FOR_BUILD='gcc'
CFLAGS='-g -O2 -Wno-error'
COREFILE=''
COREFLAG=''
CPP='gcc -E'
CPPFLAGS=''
CYGPATH_W='echo'
DATADIRNAME='share'
DEFS='-DHAVE_CONFIG_H'
DEPDIR='.deps'
ECHO_C=''
ECHO_N='-n'
ECHO_T=''
EGREP='grep -E'
EXEEXT=''
EXEEXT_FOR_BUILD='$(EXEEXT)'
GENCAT='gencat'
GMSGFMT='/usr/bin/msgfmt'
HDEFINES=''
INCINTL=''
INSTALL_DATA='/usr/bin/install -c -m 644'
INSTALL_LIBBFD_FALSE=''
INSTALL_LIBBFD_TRUE='#'
INSTALL_PROGRAM='/usr/bin/install -c'
INSTALL_SCRIPT='/usr/bin/install -c'
INSTALL_STRIP_PROGRAM='${SHELL} $(install_sh) -c -s'
INSTOBJEXT='.mo'
LDFLAGS=''
LIBINTL=''
LIBINTL_DEP=''
LIBOBJS=''
LIBS=''
LIBTOOL='$(SHELL) $(top_builddir)/libtool'
LN_S='ln -s'
LTLIBOBJS=''
MAINT='#'
MAINTAINER_MODE_FALSE=''
MAINTAINER_MODE_TRUE='#'
MAKEINFO='/home/blakedonzac/cs161/cs161-gdb-1.5/gdb-6.6+cs161/missing makeinfo --split-size=5000000'
MKINSTALLDIRS='/home/blakedonzac/cs161/cs161-gdb-1.5/./gdb-6.6+cs161/bfd/../mkinstalldirs'
MSGFMT='/usr/bin/msgfmt'
MSGMERGE='/usr/bin/msgmerge'
NO_WERROR='-Wno-error'
OBJEXT='o'
PACKAGE='bfd'
PACKAGE_BUGREPORT=''
PACKAGE_NAME=''
PACKAGE_STRING=''
PACKAGE_TARNAME=''
PACKAGE_VERSION=''
PATH_SEPARATOR=':'
POSUB='po'
RANLIB='ranlib'
SET_MAKE=''
SHELL='/bin/sh'
STRIP='strip'
TDEFINES=' '
USE_NLS='yes'
VERSION='2.17.50'
WARN_CFLAGS='-W -Wall -Wstrict-prototypes -Wmissing-prototypes -Werror'
WIN32LDFLAGS=''
WIN32LIBADD=''
XGETTEXT='/usr/bin/xgettext'
ac_ct_AR=''
ac_ct_CC=''
ac_ct_RANLIB=''
ac_ct_STRIP='strip'
all_backends='$(BFD64_BACKENDS) $(BFD32_BACKENDS)'
am__fastdepCC_FALSE=''
am__fastdepCC_TRUE='#'
am__include='include'
am__leading_dot='.'
am__quote=''
am__tar='${AMTAR} chof - "$$tardir"'
am__untar='${AMTAR} xf -'
bfd_backends=' elf32-mips.lo elfxx-mips.lo elf-vxworks.lo elf32.lo elf.lo elflink.lo elf-strtab.lo elf-eh-frame.lo dwarf1.lo ecofflink.lo elf64-mips.lo elf64.lo elf64-gen.lo elf32-gen.lo'
bfd_default_target_size='32'
bfd_file_ptr='BFD_HOST_64_BIT'
bfd_libs='$(BFD64_LIBS) $(BFD32_LIBS)'
bfd_machines=' cpu-mips.lo'
bfd_ufile_ptr='BFD_HOST_U_64_BIT'
bfdincludedir='$(exec_prefix)/$(host_noncanonical)/$(target_noncanonical)/include'
bfdlibdir='$(exec_prefix)/$(host_noncanonical)/$(target_noncanonical)/lib'
bindir='${exec_prefix}/bin'
build='x86_64-unknown-linux-gnu'
build_alias='x86_64-unknown-linux-gnu'
build_cpu='x86_64'
build_os='linux-gnu'
build_vendor='unknown'
datadir='${prefix}/share'
datarootdir='/home/blakedonzac/cs161/tools/share'
docdir='/home/blakedonzac/cs161/tools/share/doc'
exec_prefix='${prefix}'
host='x86_64-unknown-linux-gnu'
host_alias='x86_64-unknown-linux-gnu'
host_cpu='x86_64'
host_noncanonical='x86_64-unknown-linux-gnu'
host_os='linux-gnu'
host_vendor='unknown'
htmldir='/home/blakedonzac/cs161/tools/share/doc'
includedir='${prefix}/include'
infodir='${prefix}/info'
install_sh='/home/blakedonzac/cs161/cs161-gdb-1.5/gdb-6.6+cs161/install-sh'
libdir='${exec_prefix}/lib'
libexecdir='${exec_prefix}/libexec'
localstatedir='${prefix}/var'
mandir='${prefix}/man'
mkdir_p='mkdir -p --'
oldincludedir='/usr/include'
prefix='/home/blakedonzac/cs161/tools'
program_transform_name='s,^,mips-elf-,;'
sbindir='${exec_prefix}/sbin'
sharedstatedir='${prefix}/com'
sysconfdir='${prefix}/etc'
target='mips-unknown-elf'
target_alias='mips-elf'
target_cpu='mips'
target_noncanonical='mips-elf'
target_os='elf'
target_vendor='unknown'
tdefaults=' -DDEFAULT_VECTOR=bfd_elf32_bigmips_vec -DSELECT_VECS='&bfd_elf32_bigmips_vec,&bfd_elf32_littlemips_vec,&bfd_elf64_bigmips_vec,&bfd_elf64_littlemips_vec,&bfd_elf64_little_generic_vec,&bfd_elf64_big_generic_vec,&bfd_elf32_little_generic_vec,&bfd_elf32_big_generic_vec' -DSELECT_ARCHITECTURES='&bfd_mips_arch' -DHAVE_bfd_elf32_bigmips_vec -DHAVE_bfd_elf32_littlemips_vec -DHAVE_bfd_elf64_bigmips_vec -DHAVE_bfd_elf64_littlemips_vec -DHAVE_bfd_elf64_little_generic_vec -DHAVE_bfd_elf64_big_generic_vec -DHAVE_bfd_elf32_little_generic_vec -DHAVE_bfd_elf32_big_generic_vec'
wordsize='64'

## ----------- ##
## confdefs.h. ##
## ----------- ##

#define ENABLE_NLS 1
#define HAVE_DECL_BASENAME 1
#define HAVE_DECL_FFS 1
#define HAVE_DECL_FREE 1
#define HAVE_DECL_FSEEKO 1
#define HAVE_DECL_FSEEKO64 1
#define HAVE_DECL_FTELLO 1
#define HAVE_DECL_FTELLO64 1
#define HAVE_DECL_GETENV 1
#define HAVE_DECL_MALLOC 1
#define HAVE_DECL_REALLOC 1
#define HAVE_DECL_SNPRINTF 1
#define HAVE_DECL_STPCPY 1
#define HAVE_DECL_STRSTR 1
#define HAVE_DECL_VSNPRINTF 1
#define HAVE_DIRENT_H 1
#define HAVE_FCNTL 1
#define HAVE_FCNTL_H 1
#define HAVE_FDOPEN 1
#define HAVE_FOPEN64 1
#define HAVE_FSEEKO 1
#define HAVE_FSEEKO64 1
#define HAVE_FTELLO 1
#define HAVE_FTELLO64 1
#define HAVE_GETGID 1
#define HAVE_GETPAGESIZE 1
#define HAVE_GETPAGESIZE 1
#define HAVE_GETUID 1
#define HAVE_INTTYPES_H 1
#define HAVE_MADVISE 1
#define HAVE_MEMORY_H 1
#define HAVE_MMAP 1
#define HAVE_MPROTECT 1
#define HAVE_SETITIMER 1
#define HAVE_STDDEF_H 1
#define HAVE_STDINT_H 1
#define HAVE_STDLIB_H 1
#define HAVE_STDLIB_H 1
#define HAVE_STDLIB_H 1
#define HAVE_STRINGS_H 1
#define HAVE_STRINGS_H 1
#define HAVE_STRING_H 1
#define HAVE_STRING_H 1
#define HAVE_STRTOULL 1
#define HAVE_SYSCONF 1
#define HAVE_SYS_FILE_H 1
#define HAVE_SYS_STAT_H 1
#define HAVE_SYS_TIME_H 1
#define HAVE_SYS_TYPES_H 1
#define HAVE_TIME_H 1
#define HAVE_UNISTD_H 1
#define HAVE_UNISTD_H 1
#define HAVE_UNISTD_H 1
#define PACKAGE "bfd"
#define PACKAGE_BUGREPORT ""
#define PACKAGE_NAME ""
#define PACKAGE_STRING ""
#define PACKAGE_TARNAME ""
#define PACKAGE_VERSION ""
#define SIZEOF_LONG 8
#define SIZEOF_LONG_LONG 8
#define SIZEOF_OFF_T 8
#define STDC_HEADERS 1
#define STRING_WITH_STRINGS 1
#define TIME_WITH_SYS_TIME 1
#define VERSION "2.17.50"
#define _GNU_SOURCE 1

configure: exit 0
